Reading timing models for corner nom_typ_1p20V_25C…
Reading timing library for the 'nom_typ_1p20V_25C' corner at '/home/user/.ciel/ciel/ihp-sg13g2/versions/cb7daaa8901016cf7c5d272dfa322c41f024931f/ihp-sg13g2/libs.ref/sg13g2_stdcell/lib/sg13g2_stdcell_typ_1p20V_25C.lib'…
Reading OpenROAD database at '/home/user/Documents/heiChips2025_project/sap_1/heichips25-template/librelane/runs/RUN_2025-08-07_17-30-00/39-openroad-globalrouting/heichips25_template.odb'…
Reading design constraints file at '/nix/store/3x0iz65q90laa2wjrvxaqx13fnzp1abs-python3-3.12.10-env/lib/python3.12/site-packages/librelane/scripts/base.sdc'…
[INFO] Using clock clk…
[INFO] Setting output delay to: 2
[INFO] Setting input delay to: 2
[INFO] Setting load to: 0.006
[INFO] Setting clock uncertainty to: 0.25
[INFO] Setting clock transition to: 0.15
[INFO] Setting timing derate to: 5%
[INFO] Setting signal min routing layer to: Metal2 and clock min routing layer to Metal2. 
[INFO] Setting signal max routing layer to: TopMetal1 and clock max routing layer to TopMetal1. 
+ global_route -congestion_iterations 50 -verbose
[INFO GRT-0020] Min routing layer: Metal2
[INFO GRT-0021] Max routing layer: TopMetal1
[INFO GRT-0022] Global adjustment: 30%
[INFO GRT-0023] Grid origin: (0, 0)
[INFO GRT-0088] Layer Metal1  Track-Pitch = 0.4200  line-2-Via Pitch: 0.3650
[INFO GRT-0088] Layer Metal2  Track-Pitch = 0.4800  line-2-Via Pitch: 0.4150
[INFO GRT-0088] Layer Metal3  Track-Pitch = 0.4200  line-2-Via Pitch: 0.4150
[INFO GRT-0088] Layer Metal4  Track-Pitch = 0.4800  line-2-Via Pitch: 0.4150
[INFO GRT-0088] Layer Metal5  Track-Pitch = 0.4200  line-2-Via Pitch: 0.6200
[INFO GRT-0088] Layer TopMetal1 Track-Pitch = 2.2800  line-2-Via Pitch: 3.2100
[INFO GRT-0003] Macros: 0
[INFO GRT-0004] Blockages: 0
[INFO GRT-0019] Found 0 clock nets.
[INFO GRT-0001] Minimum degree: 2
[INFO GRT-0002] Maximum degree: 2

[INFO GRT-0053] Routing resources analysis:
          Routing      Original      Derated      Resource
Layer     Direction    Resources     Resources    Reduction (%)
---------------------------------------------------------------
Metal1     Horizontal          0             0          0.00%
Metal2     Vertical        31337         20340          35.09%
Metal3     Horizontal      38324         24377          36.39%
Metal4     Vertical        31337         20340          35.09%
Metal5     Horizontal      26234         17070          34.93%
TopMetal1    Vertical         2463          1980          19.61%
---------------------------------------------------------------

[INFO GRT-0197] Via related to pin nodes: 12
[INFO GRT-0198] Via related Steiner nodes: 0
[INFO GRT-0199] Via filling finished.
[INFO GRT-0111] Final number of vias: 12
[INFO GRT-0112] Final usage 3D: 42

[INFO GRT-0096] Final congestion report:
Layer         Resource        Demand        Usage (%)    Max H / Max V / Total Overflow
---------------------------------------------------------------------------------------
Metal1               0             0            0.00%             0 /  0 /  0
Metal2           20340             6            0.03%             0 /  0 /  0
Metal3           24377             0            0.00%             0 /  0 /  0
Metal4           20340             0            0.00%             0 /  0 /  0
Metal5           17070             0            0.00%             0 /  0 /  0
TopMetal1           1980             0            0.00%             0 /  0 /  0
---------------------------------------------------------------------------------------
Total            84107             6            0.01%             0 /  0 /  0

[INFO GRT-0018] Total wirelength: 75 um
[INFO GRT-0014] Routed nets: 24
[INFO GRT-0006] Repairing antennas, iteration 1.
[INFO GRT-0012] Found 0 antenna violations.
+ detailed_placement -max_displacement  500 100 
Placement Analysis
---------------------------------
total displacement          0.0 u
average displacement        0.0 u
max displacement            0.0 u
original HPWL             122.6 u
legalized HPWL            144.1 u
delta HPWL                   18 %

[INFO DPL-0020] Mirrored 24 instances
[INFO DPL-0021] HPWL before             144.1 u
[INFO DPL-0022] HPWL after              122.6 u
[INFO DPL-0023] HPWL delta              -14.9 %
+ global_route -congestion_iterations 50 -verbose
[INFO GRT-0020] Min routing layer: Metal2
[INFO GRT-0021] Max routing layer: TopMetal1
[INFO GRT-0022] Global adjustment: 30%
[INFO GRT-0023] Grid origin: (0, 0)
[INFO GRT-0088] Layer Metal1  Track-Pitch = 0.4200  line-2-Via Pitch: 0.3650
[INFO GRT-0088] Layer Metal2  Track-Pitch = 0.4800  line-2-Via Pitch: 0.4150
[INFO GRT-0088] Layer Metal3  Track-Pitch = 0.4200  line-2-Via Pitch: 0.4150
[INFO GRT-0088] Layer Metal4  Track-Pitch = 0.4800  line-2-Via Pitch: 0.4150
[INFO GRT-0088] Layer Metal5  Track-Pitch = 0.4200  line-2-Via Pitch: 0.6200
[INFO GRT-0088] Layer TopMetal1 Track-Pitch = 2.2800  line-2-Via Pitch: 3.2100
[INFO GRT-0003] Macros: 0
[INFO GRT-0004] Blockages: 0
[INFO GRT-0019] Found 0 clock nets.
[INFO GRT-0001] Minimum degree: 2
[INFO GRT-0002] Maximum degree: 2

[INFO GRT-0053] Routing resources analysis:
          Routing      Original      Derated      Resource
Layer     Direction    Resources     Resources    Reduction (%)
---------------------------------------------------------------
Metal1     Horizontal          0             0          0.00%
Metal2     Vertical        31337         20340          35.09%
Metal3     Horizontal      38324         24377          36.39%
Metal4     Vertical        31337         20340          35.09%
Metal5     Horizontal      26234         17070          34.93%
TopMetal1    Vertical         2463          1980          19.61%
---------------------------------------------------------------

[INFO GRT-0197] Via related to pin nodes: 12
[INFO GRT-0198] Via related Steiner nodes: 0
[INFO GRT-0199] Via filling finished.
[INFO GRT-0111] Final number of vias: 12
[INFO GRT-0112] Final usage 3D: 42

[INFO GRT-0096] Final congestion report:
Layer         Resource        Demand        Usage (%)    Max H / Max V / Total Overflow
---------------------------------------------------------------------------------------
Metal1               0             0            0.00%             0 /  0 /  0
Metal2           20340             6            0.03%             0 /  0 /  0
Metal3           24377             0            0.00%             0 /  0 /  0
Metal4           20340             0            0.00%             0 /  0 /  0
Metal5           17070             0            0.00%             0 /  0 /  0
TopMetal1           1980             0            0.00%             0 /  0 /  0
---------------------------------------------------------------------------------------
Total            84107             6            0.01%             0 /  0 /  0

[INFO GRT-0018] Total wirelength: 75 um
[INFO GRT-0014] Routed nets: 24
Setting global connections for newly added cells…
[INFO] Setting global connections...
Updating metrics…
Cell type report:                       Count       Area
  Multi-Input combinational cell           24     174.18
  Total                                    24     174.18
Writing OpenROAD database to '/home/user/Documents/heiChips2025_project/sap_1/heichips25-template/librelane/runs/RUN_2025-08-07_17-30-00/42-openroad-repairantennas/1-diodeinsertion/heichips25_template.odb'…
Writing layout to '/home/user/Documents/heiChips2025_project/sap_1/heichips25-template/librelane/runs/RUN_2025-08-07_17-30-00/42-openroad-repairantennas/1-diodeinsertion/heichips25_template.def'…
