%Warning-VARHIDDEN: /home/user/Documents/heiChips2025_project/sap_2_v2/heichips25-template/src/pc.v:10:11: Declaration of signal hides declaration in upper scope: 'pc'
   10 | reg[15:0] pc;
      |           ^~
                    /home/user/Documents/heiChips2025_project/sap_2_v2/heichips25-template/src/heichips25_template.sv:13:1: ... note: In file included from 'heichips25_template.sv'
                    /home/user/Documents/heiChips2025_project/sap_2_v2/heichips25-template/src/top.v:90:4: ... Location of original declaration
   90 | pc pc(
      |    ^~
                    ... For warning description see https://verilator.org/warn/VARHIDDEN?v=5.038
                    ... Use "/* verilator lint_off VARHIDDEN */" and lint_on around source to disable this message.
%Warning-VARHIDDEN: /home/user/Documents/heiChips2025_project/sap_2_v2/heichips25-template/src/ir.v:9:10: Declaration of signal hides declaration in upper scope: 'ir'
    9 | reg[7:0] ir;
      |          ^~
                    /home/user/Documents/heiChips2025_project/sap_2_v2/heichips25-template/src/heichips25_template.sv:11:1: ... note: In file included from 'heichips25_template.sv'
                    /home/user/Documents/heiChips2025_project/sap_2_v2/heichips25-template/src/top.v:101:4: ... Location of original declaration
  101 | ir ir(
      |    ^~
%Warning-VARHIDDEN: /home/user/Documents/heiChips2025_project/sap_2_v2/heichips25-template/src/alu.v:11:10: Declaration of signal hides declaration in upper scope: 'alu'
   11 | reg[7:0] alu;
      |          ^~~
                    /home/user/Documents/heiChips2025_project/sap_2_v2/heichips25-template/src/heichips25_template.sv:7:1: ... note: In file included from 'heichips25_template.sv'
                    /home/user/Documents/heiChips2025_project/sap_2_v2/heichips25-template/src/top.v:154:5: ... Location of original declaration
  154 | alu alu(
      |     ^~~
%Warning-VARHIDDEN: /home/user/Documents/heiChips2025_project/sap_2_v2/heichips25-template/src/flags.v:16:10: Declaration of signal hides declaration in upper scope: 'flags'
   16 | reg[1:0] flags;
      |          ^~~~~
                    /home/user/Documents/heiChips2025_project/sap_2_v2/heichips25-template/src/heichips25_template.sv:10:1: ... note: In file included from 'heichips25_template.sv'
                    /home/user/Documents/heiChips2025_project/sap_2_v2/heichips25-template/src/top.v:164:7: ... Location of original declaration
  164 | flags flags(
      |       ^~~~~
%Warning-WIDTHTRUNC: /home/user/Documents/heiChips2025_project/sap_2_v2/heichips25-template/src/controller.v:88:12: Operator ASSIGNW expects 34 bits on the Assign RHS, but Assign RHS's VARREF 'ctrl_word' generates 35 bits.
                                                                                                                  : ... note: In instance 'heichips25_template.sap2_inst.controller'
   88 | assign out = ctrl_word;
      |            ^
                     /home/user/Documents/heiChips2025_project/sap_2_v2/heichips25-template/src/heichips25_template.sv:9:1: ... note: In file included from 'heichips25_template.sv'
                     ... For warning description see https://verilator.org/warn/WIDTHTRUNC?v=5.038
                     ... Use "/* verilator lint_off WIDTHTRUNC */" and lint_on around source to disable this message.
%Warning-WIDTHEXPAND: /home/user/Documents/heiChips2025_project/sap_2_v2/heichips25-template/src/top.v:60:16: Operator ASSIGNW expects 16 bits on the Assign RHS, but Assign RHS's VARREF 'SRAM_OUT' generates 8 bits.
                                                                                                            : ... note: In instance 'heichips25_template.sap2_inst'
   60 | assign mem_out = SRAM_OUT;
      |                ^
                      /home/user/Documents/heiChips2025_project/sap_2_v2/heichips25-template/src/heichips25_template.sv:15:1: ... note: In file included from 'heichips25_template.sv'
                      ... For warning description see https://verilator.org/warn/WIDTHEXPAND?v=5.038
                      ... Use "/* verilator lint_off WIDTHEXPAND */" and lint_on around source to disable this message.
%Warning-WIDTHEXPAND: /home/user/Documents/heiChips2025_project/sap_2_v2/heichips25-template/src/top.v:68:7: Operator ASSIGN expects 16 bits on the Assign RHS, but Assign RHS's VARREF 'a_out' generates 8 bits.
                                                                                                           : ... note: In instance 'heichips25_template.sap2_inst'
   68 |   bus = a_out;
      |       ^
                      /home/user/Documents/heiChips2025_project/sap_2_v2/heichips25-template/src/heichips25_template.sv:15:1: ... note: In file included from 'heichips25_template.sv'
%Warning-WIDTHEXPAND: /home/user/Documents/heiChips2025_project/sap_2_v2/heichips25-template/src/top.v:70:7: Operator ASSIGN expects 16 bits on the Assign RHS, but Assign RHS's VARREF 'b_out' generates 8 bits.
                                                                                                           : ... note: In instance 'heichips25_template.sap2_inst'
   70 |   bus = b_out;
      |       ^
                      /home/user/Documents/heiChips2025_project/sap_2_v2/heichips25-template/src/heichips25_template.sv:15:1: ... note: In file included from 'heichips25_template.sv'
%Warning-WIDTHEXPAND: /home/user/Documents/heiChips2025_project/sap_2_v2/heichips25-template/src/top.v:72:7: Operator ASSIGN expects 16 bits on the Assign RHS, but Assign RHS's VARREF 'c_out' generates 8 bits.
                                                                                                           : ... note: In instance 'heichips25_template.sap2_inst'
   72 |   bus = c_out;
      |       ^
                      /home/user/Documents/heiChips2025_project/sap_2_v2/heichips25-template/src/heichips25_template.sv:15:1: ... note: In file included from 'heichips25_template.sv'
%Warning-WIDTHEXPAND: /home/user/Documents/heiChips2025_project/sap_2_v2/heichips25-template/src/top.v:74:7: Operator ASSIGN expects 16 bits on the Assign RHS, but Assign RHS's VARREF 'alu_out' generates 8 bits.
                                                                                                           : ... note: In instance 'heichips25_template.sap2_inst'
   74 |   bus = alu_out;
      |       ^
                      /home/user/Documents/heiChips2025_project/sap_2_v2/heichips25-template/src/heichips25_template.sv:15:1: ... note: In file included from 'heichips25_template.sv'
%Warning-UNUSEDSIGNAL: /home/user/Documents/heiChips2025_project/sap_2_v2/heichips25-template/src/heichips25_template.sv:19:23: Bits of signal are not used: 'ui_in'[0]
                                                                                                                              : ... note: In instance 'heichips25_template'
   19 |     input  wire [7:0] ui_in,     
      |                       ^~~~~
                       ... For warning description see https://verilator.org/warn/UNUSEDSIGNAL?v=5.038
                       ... Use "/* verilator lint_off UNUSEDSIGNAL */" and lint_on around source to disable this message.
%Warning-UNUSEDSIGNAL: /home/user/Documents/heiChips2025_project/sap_2_v2/heichips25-template/src/alu.v:7:14: Bits of signal are not used: 'bus'[15:8]
                                                                                                            : ... note: In instance 'heichips25_template.sap2_inst.alu'
    7 |  input[15:0] bus,
      |              ^~~
                       /home/user/Documents/heiChips2025_project/sap_2_v2/heichips25-template/src/heichips25_template.sv:7:1: ... note: In file included from 'heichips25_template.sv'
%Warning-UNUSEDPARAM: /home/user/Documents/heiChips2025_project/sap_2_v2/heichips25-template/src/controller.v:10:12: Parameter is not used: 'SIG_HLT'
                                                                                                                   : ... note: In instance 'heichips25_template.sap2_inst.controller'
   10 | localparam SIG_HLT       = 33;
      |            ^~~~~~~
                      /home/user/Documents/heiChips2025_project/sap_2_v2/heichips25-template/src/heichips25_template.sv:9:1: ... note: In file included from 'heichips25_template.sv'
                      ... For warning description see https://verilator.org/warn/UNUSEDPARAM?v=5.038
                      ... Use "/* verilator lint_off UNUSEDPARAM */" and lint_on around source to disable this message.
%Warning-UNUSEDPARAM: /home/user/Documents/heiChips2025_project/sap_2_v2/heichips25-template/src/controller.v:11:12: Parameter is not used: 'SIG_A_LOAD'
                                                                                                                   : ... note: In instance 'heichips25_template.sap2_inst.controller'
   11 | localparam SIG_A_LOAD    = 32;
      |            ^~~~~~~~~~
                      /home/user/Documents/heiChips2025_project/sap_2_v2/heichips25-template/src/heichips25_template.sv:9:1: ... note: In file included from 'heichips25_template.sv'
%Warning-UNUSEDPARAM: /home/user/Documents/heiChips2025_project/sap_2_v2/heichips25-template/src/controller.v:12:12: Parameter is not used: 'SIG_A_EN'
                                                                                                                   : ... note: In instance 'heichips25_template.sap2_inst.controller'
   12 | localparam SIG_A_EN      = 31;
      |            ^~~~~~~~
                      /home/user/Documents/heiChips2025_project/sap_2_v2/heichips25-template/src/heichips25_template.sv:9:1: ... note: In file included from 'heichips25_template.sv'
%Warning-UNUSEDPARAM: /home/user/Documents/heiChips2025_project/sap_2_v2/heichips25-template/src/controller.v:13:12: Parameter is not used: 'SIG_A_INC'
                                                                                                                   : ... note: In instance 'heichips25_template.sap2_inst.controller'
   13 | localparam SIG_A_INC     = 30;
      |            ^~~~~~~~~
                      /home/user/Documents/heiChips2025_project/sap_2_v2/heichips25-template/src/heichips25_template.sv:9:1: ... note: In file included from 'heichips25_template.sv'
%Warning-UNUSEDPARAM: /home/user/Documents/heiChips2025_project/sap_2_v2/heichips25-template/src/controller.v:14:12: Parameter is not used: 'SIG_A_DEC'
                                                                                                                   : ... note: In instance 'heichips25_template.sap2_inst.controller'
   14 | localparam SIG_A_DEC     = 29;
      |            ^~~~~~~~~
                      /home/user/Documents/heiChips2025_project/sap_2_v2/heichips25-template/src/heichips25_template.sv:9:1: ... note: In file included from 'heichips25_template.sv'
%Warning-UNUSEDPARAM: /home/user/Documents/heiChips2025_project/sap_2_v2/heichips25-template/src/controller.v:15:12: Parameter is not used: 'SIG_B_LOAD'
                                                                                                                   : ... note: In instance 'heichips25_template.sap2_inst.controller'
   15 | localparam SIG_B_LOAD    = 28;
      |            ^~~~~~~~~~
                      /home/user/Documents/heiChips2025_project/sap_2_v2/heichips25-template/src/heichips25_template.sv:9:1: ... note: In file included from 'heichips25_template.sv'
%Warning-UNUSEDPARAM: /home/user/Documents/heiChips2025_project/sap_2_v2/heichips25-template/src/controller.v:16:12: Parameter is not used: 'SIG_B_EN'
                                                                                                                   : ... note: In instance 'heichips25_template.sap2_inst.controller'
   16 | localparam SIG_B_EN      = 27;
      |            ^~~~~~~~
                      /home/user/Documents/heiChips2025_project/sap_2_v2/heichips25-template/src/heichips25_template.sv:9:1: ... note: In file included from 'heichips25_template.sv'
%Warning-UNUSEDPARAM: /home/user/Documents/heiChips2025_project/sap_2_v2/heichips25-template/src/controller.v:17:12: Parameter is not used: 'SIG_B_INC'
                                                                                                                   : ... note: In instance 'heichips25_template.sap2_inst.controller'
   17 | localparam SIG_B_INC     = 26;
      |            ^~~~~~~~~
                      /home/user/Documents/heiChips2025_project/sap_2_v2/heichips25-template/src/heichips25_template.sv:9:1: ... note: In file included from 'heichips25_template.sv'
%Warning-UNUSEDPARAM: /home/user/Documents/heiChips2025_project/sap_2_v2/heichips25-template/src/controller.v:18:12: Parameter is not used: 'SIG_B_DEC'
                                                                                                                   : ... note: In instance 'heichips25_template.sap2_inst.controller'
   18 | localparam SIG_B_DEC     = 25;
      |            ^~~~~~~~~
                      /home/user/Documents/heiChips2025_project/sap_2_v2/heichips25-template/src/heichips25_template.sv:9:1: ... note: In file included from 'heichips25_template.sv'
%Warning-UNUSEDPARAM: /home/user/Documents/heiChips2025_project/sap_2_v2/heichips25-template/src/controller.v:19:12: Parameter is not used: 'SIG_C_LOAD'
                                                                                                                   : ... note: In instance 'heichips25_template.sap2_inst.controller'
   19 | localparam SIG_C_LOAD    = 24;
      |            ^~~~~~~~~~
                      /home/user/Documents/heiChips2025_project/sap_2_v2/heichips25-template/src/heichips25_template.sv:9:1: ... note: In file included from 'heichips25_template.sv'
%Warning-UNUSEDPARAM: /home/user/Documents/heiChips2025_project/sap_2_v2/heichips25-template/src/controller.v:20:12: Parameter is not used: 'SIG_C_EN'
                                                                                                                   : ... note: In instance 'heichips25_template.sap2_inst.controller'
   20 | localparam SIG_C_EN      = 23;
      |            ^~~~~~~~
                      /home/user/Documents/heiChips2025_project/sap_2_v2/heichips25-template/src/heichips25_template.sv:9:1: ... note: In file included from 'heichips25_template.sv'
%Warning-UNUSEDPARAM: /home/user/Documents/heiChips2025_project/sap_2_v2/heichips25-template/src/controller.v:21:12: Parameter is not used: 'SIG_C_INC'
                                                                                                                   : ... note: In instance 'heichips25_template.sap2_inst.controller'
   21 | localparam SIG_C_INC     = 22;
      |            ^~~~~~~~~
                      /home/user/Documents/heiChips2025_project/sap_2_v2/heichips25-template/src/heichips25_template.sv:9:1: ... note: In file included from 'heichips25_template.sv'
%Warning-UNUSEDPARAM: /home/user/Documents/heiChips2025_project/sap_2_v2/heichips25-template/src/controller.v:22:12: Parameter is not used: 'SIG_C_DEC'
                                                                                                                   : ... note: In instance 'heichips25_template.sap2_inst.controller'
   22 | localparam SIG_C_DEC     = 21;
      |            ^~~~~~~~~
                      /home/user/Documents/heiChips2025_project/sap_2_v2/heichips25-template/src/heichips25_template.sv:9:1: ... note: In file included from 'heichips25_template.sv'
%Warning-UNUSEDPARAM: /home/user/Documents/heiChips2025_project/sap_2_v2/heichips25-template/src/controller.v:23:12: Parameter is not used: 'SIG_FLAGS_LDA'
                                                                                                                   : ... note: In instance 'heichips25_template.sap2_inst.controller'
   23 | localparam SIG_FLAGS_LDA = 20;
      |            ^~~~~~~~~~~~~
                      /home/user/Documents/heiChips2025_project/sap_2_v2/heichips25-template/src/heichips25_template.sv:9:1: ... note: In file included from 'heichips25_template.sv'
%Warning-UNUSEDPARAM: /home/user/Documents/heiChips2025_project/sap_2_v2/heichips25-template/src/controller.v:24:12: Parameter is not used: 'SIG_FLAGS_LDB'
                                                                                                                   : ... note: In instance 'heichips25_template.sap2_inst.controller'
   24 | localparam SIG_FLAGS_LDB = 19;
      |            ^~~~~~~~~~~~~
                      /home/user/Documents/heiChips2025_project/sap_2_v2/heichips25-template/src/heichips25_template.sv:9:1: ... note: In file included from 'heichips25_template.sv'
%Warning-UNUSEDPARAM: /home/user/Documents/heiChips2025_project/sap_2_v2/heichips25-template/src/controller.v:25:12: Parameter is not used: 'SIG_FLAGS_LDC'
                                                                                                                   : ... note: In instance 'heichips25_template.sap2_inst.controller'
   25 | localparam SIG_FLAGS_LDC = 18;
      |            ^~~~~~~~~~~~~
                      /home/user/Documents/heiChips2025_project/sap_2_v2/heichips25-template/src/heichips25_template.sv:9:1: ... note: In file included from 'heichips25_template.sv'
%Warning-UNUSEDPARAM: /home/user/Documents/heiChips2025_project/sap_2_v2/heichips25-template/src/controller.v:26:12: Parameter is not used: 'SIG_ALU_OP2'
                                                                                                                   : ... note: In instance 'heichips25_template.sap2_inst.controller'
   26 | localparam SIG_ALU_OP2   = 17;
      |            ^~~~~~~~~~~
                      /home/user/Documents/heiChips2025_project/sap_2_v2/heichips25-template/src/heichips25_template.sv:9:1: ... note: In file included from 'heichips25_template.sv'
%Warning-UNUSEDPARAM: /home/user/Documents/heiChips2025_project/sap_2_v2/heichips25-template/src/controller.v:27:12: Parameter is not used: 'SIG_ALU_OP1'
                                                                                                                   : ... note: In instance 'heichips25_template.sap2_inst.controller'
   27 | localparam SIG_ALU_OP1   = 16;
      |            ^~~~~~~~~~~
                      /home/user/Documents/heiChips2025_project/sap_2_v2/heichips25-template/src/heichips25_template.sv:9:1: ... note: In file included from 'heichips25_template.sv'
%Warning-UNUSEDPARAM: /home/user/Documents/heiChips2025_project/sap_2_v2/heichips25-template/src/controller.v:28:12: Parameter is not used: 'SIG_ALU_OP0'
                                                                                                                   : ... note: In instance 'heichips25_template.sap2_inst.controller'
   28 | localparam SIG_ALU_OP0   = 15;
      |            ^~~~~~~~~~~
                      /home/user/Documents/heiChips2025_project/sap_2_v2/heichips25-template/src/heichips25_template.sv:9:1: ... note: In file included from 'heichips25_template.sv'
%Warning-UNUSEDPARAM: /home/user/Documents/heiChips2025_project/sap_2_v2/heichips25-template/src/controller.v:29:12: Parameter is not used: 'SIG_ALU_LD'
                                                                                                                   : ... note: In instance 'heichips25_template.sap2_inst.controller'
   29 | localparam SIG_ALU_LD    = 14;
      |            ^~~~~~~~~~
                      /home/user/Documents/heiChips2025_project/sap_2_v2/heichips25-template/src/heichips25_template.sv:9:1: ... note: In file included from 'heichips25_template.sv'
%Warning-UNUSEDPARAM: /home/user/Documents/heiChips2025_project/sap_2_v2/heichips25-template/src/controller.v:30:12: Parameter is not used: 'SIG_ALU_EN'
                                                                                                                   : ... note: In instance 'heichips25_template.sap2_inst.controller'
   30 | localparam SIG_ALU_EN    = 13;
      |            ^~~~~~~~~~
                      /home/user/Documents/heiChips2025_project/sap_2_v2/heichips25-template/src/heichips25_template.sv:9:1: ... note: In file included from 'heichips25_template.sv'
%Warning-UNUSEDPARAM: /home/user/Documents/heiChips2025_project/sap_2_v2/heichips25-template/src/controller.v:31:12: Parameter is not used: 'SIG_IR_LOAD'
                                                                                                                   : ... note: In instance 'heichips25_template.sap2_inst.controller'
   31 | localparam SIG_IR_LOAD   = 12;
      |            ^~~~~~~~~~~
                      /home/user/Documents/heiChips2025_project/sap_2_v2/heichips25-template/src/heichips25_template.sv:9:1: ... note: In file included from 'heichips25_template.sv'
%Warning-UNUSEDPARAM: /home/user/Documents/heiChips2025_project/sap_2_v2/heichips25-template/src/controller.v:32:12: Parameter is not used: 'SIG_PC_INC'
                                                                                                                   : ... note: In instance 'heichips25_template.sap2_inst.controller'
   32 | localparam SIG_PC_INC    = 11;
      |            ^~~~~~~~~~
                      /home/user/Documents/heiChips2025_project/sap_2_v2/heichips25-template/src/heichips25_template.sv:9:1: ... note: In file included from 'heichips25_template.sv'
%Warning-UNUSEDPARAM: /home/user/Documents/heiChips2025_project/sap_2_v2/heichips25-template/src/controller.v:33:12: Parameter is not used: 'SIG_PC_LOAD'
                                                                                                                   : ... note: In instance 'heichips25_template.sap2_inst.controller'
   33 | localparam SIG_PC_LOAD   = 10;
      |            ^~~~~~~~~~~
                      /home/user/Documents/heiChips2025_project/sap_2_v2/heichips25-template/src/heichips25_template.sv:9:1: ... note: In file included from 'heichips25_template.sv'
%Warning-UNUSEDPARAM: /home/user/Documents/heiChips2025_project/sap_2_v2/heichips25-template/src/controller.v:34:12: Parameter is not used: 'SIG_PC_EN'
                                                                                                                   : ... note: In instance 'heichips25_template.sap2_inst.controller'
   34 | localparam SIG_PC_EN     = 9;
      |            ^~~~~~~~~
                      /home/user/Documents/heiChips2025_project/sap_2_v2/heichips25-template/src/heichips25_template.sv:9:1: ... note: In file included from 'heichips25_template.sv'
%Warning-UNUSEDPARAM: /home/user/Documents/heiChips2025_project/sap_2_v2/heichips25-template/src/controller.v:35:12: Parameter is not used: 'SIG_MAR_LOADH'
                                                                                                                   : ... note: In instance 'heichips25_template.sap2_inst.controller'
   35 | localparam SIG_MAR_LOADH = 8;
      |            ^~~~~~~~~~~~~
                      /home/user/Documents/heiChips2025_project/sap_2_v2/heichips25-template/src/heichips25_template.sv:9:1: ... note: In file included from 'heichips25_template.sv'
%Warning-UNUSEDPARAM: /home/user/Documents/heiChips2025_project/sap_2_v2/heichips25-template/src/controller.v:36:12: Parameter is not used: 'SIG_MAR_LOADL'
                                                                                                                   : ... note: In instance 'heichips25_template.sap2_inst.controller'
   36 | localparam SIG_MAR_LOADL = 7;
      |            ^~~~~~~~~~~~~
                      /home/user/Documents/heiChips2025_project/sap_2_v2/heichips25-template/src/heichips25_template.sv:9:1: ... note: In file included from 'heichips25_template.sv'
%Warning-UNUSEDPARAM: /home/user/Documents/heiChips2025_project/sap_2_v2/heichips25-template/src/controller.v:37:12: Parameter is not used: 'SIG_MDR_LOAD'
                                                                                                                   : ... note: In instance 'heichips25_template.sap2_inst.controller'
   37 | localparam SIG_MDR_LOAD  = 6;
      |            ^~~~~~~~~~~~
                      /home/user/Documents/heiChips2025_project/sap_2_v2/heichips25-template/src/heichips25_template.sv:9:1: ... note: In file included from 'heichips25_template.sv'
%Warning-UNUSEDPARAM: /home/user/Documents/heiChips2025_project/sap_2_v2/heichips25-template/src/controller.v:38:12: Parameter is not used: 'SIG_MDR_EN'
                                                                                                                   : ... note: In instance 'heichips25_template.sap2_inst.controller'
   38 | localparam SIG_MDR_EN    = 5;
      |            ^~~~~~~~~~
                      /home/user/Documents/heiChips2025_project/sap_2_v2/heichips25-template/src/heichips25_template.sv:9:1: ... note: In file included from 'heichips25_template.sv'
%Warning-UNUSEDPARAM: /home/user/Documents/heiChips2025_project/sap_2_v2/heichips25-template/src/controller.v:39:12: Parameter is not used: 'SIG_RAM_LOAD'
                                                                                                                   : ... note: In instance 'heichips25_template.sap2_inst.controller'
   39 | localparam SIG_RAM_LOAD  = 4;
      |            ^~~~~~~~~~~~
                      /home/user/Documents/heiChips2025_project/sap_2_v2/heichips25-template/src/heichips25_template.sv:9:1: ... note: In file included from 'heichips25_template.sv'
%Warning-UNUSEDPARAM: /home/user/Documents/heiChips2025_project/sap_2_v2/heichips25-template/src/controller.v:40:12: Parameter is not used: 'SIG_RAM_ENH'
                                                                                                                   : ... note: In instance 'heichips25_template.sap2_inst.controller'
   40 | localparam SIG_RAM_ENH   = 3;
      |            ^~~~~~~~~~~
                      /home/user/Documents/heiChips2025_project/sap_2_v2/heichips25-template/src/heichips25_template.sv:9:1: ... note: In file included from 'heichips25_template.sv'
%Warning-UNUSEDPARAM: /home/user/Documents/heiChips2025_project/sap_2_v2/heichips25-template/src/controller.v:41:12: Parameter is not used: 'SIG_RAM_ENL'
                                                                                                                   : ... note: In instance 'heichips25_template.sap2_inst.controller'
   41 | localparam SIG_RAM_ENL   = 2;
      |            ^~~~~~~~~~~
                      /home/user/Documents/heiChips2025_project/sap_2_v2/heichips25-template/src/heichips25_template.sv:9:1: ... note: In file included from 'heichips25_template.sv'
%Warning-UNUSEDPARAM: /home/user/Documents/heiChips2025_project/sap_2_v2/heichips25-template/src/controller.v:42:12: Parameter is not used: 'SIG_CALL'
                                                                                                                   : ... note: In instance 'heichips25_template.sap2_inst.controller'
   42 | localparam SIG_CALL      = 1;
      |            ^~~~~~~~
                      /home/user/Documents/heiChips2025_project/sap_2_v2/heichips25-template/src/heichips25_template.sv:9:1: ... note: In file included from 'heichips25_template.sv'
%Warning-UNUSEDPARAM: /home/user/Documents/heiChips2025_project/sap_2_v2/heichips25-template/src/controller.v:43:12: Parameter is not used: 'SIG_RET'
                                                                                                                   : ... note: In instance 'heichips25_template.sap2_inst.controller'
   43 | localparam SIG_RET       = 0;
      |            ^~~~~~~
                      /home/user/Documents/heiChips2025_project/sap_2_v2/heichips25-template/src/heichips25_template.sv:9:1: ... note: In file included from 'heichips25_template.sv'
%Warning-UNUSEDSIGNAL: /home/user/Documents/heiChips2025_project/sap_2_v2/heichips25-template/src/controller.v:52:11: Bits of signal are not used: 'ctrl_word'[34]
                                                                                                                    : ... note: In instance 'heichips25_template.sap2_inst.controller'
   52 | reg[34:0] ctrl_word;
      |           ^~~~~~~~~
                       /home/user/Documents/heiChips2025_project/sap_2_v2/heichips25-template/src/heichips25_template.sv:9:1: ... note: In file included from 'heichips25_template.sv'
%Warning-UNDRIVEN: /home/user/Documents/heiChips2025_project/sap_2_v2/heichips25-template/src/controller.v:54:11: Signal is not driven: 'ctrl_rom'
                                                                                                                : ... note: In instance 'heichips25_template.sap2_inst.controller'
   54 | reg[34:0] ctrl_rom[0:4095];
      |           ^~~~~~~~
                   /home/user/Documents/heiChips2025_project/sap_2_v2/heichips25-template/src/heichips25_template.sv:9:1: ... note: In file included from 'heichips25_template.sv'
                   ... For warning description see https://verilator.org/warn/UNDRIVEN?v=5.038
                   ... Use "/* verilator lint_off UNDRIVEN */" and lint_on around source to disable this message.
%Warning-UNUSEDSIGNAL: /home/user/Documents/heiChips2025_project/sap_2_v2/heichips25-template/src/ir.v:5:14: Bits of signal are not used: 'bus'[15:8]
                                                                                                           : ... note: In instance 'heichips25_template.sap2_inst.ir'
    5 |  input[15:0] bus,
      |              ^~~
                       /home/user/Documents/heiChips2025_project/sap_2_v2/heichips25-template/src/heichips25_template.sv:11:1: ... note: In file included from 'heichips25_template.sv'
%Warning-UNUSEDSIGNAL: /home/user/Documents/heiChips2025_project/sap_2_v2/heichips25-template/src/register.v:7:14: Bits of signal are not used: 'bus'[15:8]
                                                                                                                 : ... note: In instance 'heichips25_template.sap2_inst.reg_c'
    7 |  input[15:0] bus,
      |              ^~~
                       /home/user/Documents/heiChips2025_project/sap_2_v2/heichips25-template/src/heichips25_template.sv:14:1: ... note: In file included from 'heichips25_template.sv'
- V e r i l a t i o n   R e p o r t: Verilator 5.038 2025-07-08 rev v5.038
- Verilator: Built from 0.116 MB sources in 95 modules, into 0.055 MB in 5 C++ files needing 0.000 MB
- Verilator: Walltime 0.191 s (elab=0.027, cvt=0.095, bld=0.000); cpu 0.075 s on 1 threads; alloced 11.477 MB
