
 /----------------------------------------------------------------------------\
 |  yosys -- Yosys Open SYnthesis Suite                                       |
 |  Copyright (C) 2012 - 2025  Claire Xenia Wolf <claire@yosyshq.com>         |
 |  Distributed under an ISC-like license, type "license" to see terms        |
 \----------------------------------------------------------------------------/
 Yosys 0.54 (git sha1 db72ec3bde296a9512b2d1e6fabf81cfb07c2c1b, clang++ 19.1.7 -fPIC -O3)

1. Executing Liberty frontend: /home/philippos/.ciel/ciel/ihp-sg13g2/versions/cb7daaa8901016cf7c5d272dfa322c41f024931f/ihp-sg13g2/libs.ref/sg13g2_stdcell/lib/sg13g2_stdcell_typ_1p20V_25C.lib
Imported 84 cell types from liberty file.
[INFO] Using SDC file '/home/philippos/Documents/Git/heiChips2025_project/sap_2_v2/heichips25-template/librelane/runs/RUN_2025-08-07_17-49-01/06-yosys-synthesis/synthesis.abc.sdc' for ABC…wtaf

2. Executing Verilog-2005 frontend: /home/philippos/Documents/Git/heiChips2025_project/sap_2_v2/heichips25-template/src/heichips25_template.sv
Parsing SystemVerilog input from `/home/philippos/Documents/Git/heiChips2025_project/sap_2_v2/heichips25-template/src/heichips25_template.sv' to AST representation.
Storing AST representation for module `$abstract\alu'.
Storing AST representation for module `$abstract\clock'.
Storing AST representation for module `$abstract\controller'.
Storing AST representation for module `$abstract\flags'.
Storing AST representation for module `$abstract\ir'.
Storing AST representation for module `$abstract\memory'.
Storing AST representation for module `$abstract\pc'.
Storing AST representation for module `$abstract\register'.
Storing AST representation for module `$abstract\top'.
Storing AST representation for module `$abstract\heichips25_template'.
Successfully finished Verilog frontend.

3. Executing HIERARCHY pass (managing design hierarchy).

4. Executing AST frontend in derive mode using pre-parsed AST for module `\heichips25_template'.
Generating RTLIL representation for module `\heichips25_template'.

4.1. Analyzing design hierarchy..
Top module:  \heichips25_template

4.2. Executing AST frontend in derive mode using pre-parsed AST for module `\top'.
Generating RTLIL representation for module `\top'.

4.3. Analyzing design hierarchy..
Top module:  \heichips25_template
Used module:     \top

4.4. Executing AST frontend in derive mode using pre-parsed AST for module `\controller'.
Generating RTLIL representation for module `\controller'.

4.5. Executing AST frontend in derive mode using pre-parsed AST for module `\flags'.
Generating RTLIL representation for module `\flags'.

4.6. Executing AST frontend in derive mode using pre-parsed AST for module `\alu'.
Generating RTLIL representation for module `\alu'.

4.7. Executing AST frontend in derive mode using pre-parsed AST for module `\register'.
Generating RTLIL representation for module `\register'.

4.8. Executing AST frontend in derive mode using pre-parsed AST for module `\memory'.
Generating RTLIL representation for module `\memory'.

4.9. Executing AST frontend in derive mode using pre-parsed AST for module `\ir'.
Generating RTLIL representation for module `\ir'.

4.10. Executing AST frontend in derive mode using pre-parsed AST for module `\pc'.
Generating RTLIL representation for module `\pc'.

4.11. Executing AST frontend in derive mode using pre-parsed AST for module `\clock'.
Generating RTLIL representation for module `\clock'.

4.12. Analyzing design hierarchy..
Top module:  \heichips25_template
Used module:     \top
Used module:         \controller
Used module:         \flags
Used module:         \alu
Used module:         \register
Used module:         \memory
Used module:         \ir
Used module:         \pc
Used module:         \clock

4.13. Analyzing design hierarchy..
Top module:  \heichips25_template
Used module:     \top
Used module:         \controller
Used module:         \flags
Used module:         \alu
Used module:         \register
Used module:         \memory
Used module:         \ir
Used module:         \pc
Used module:         \clock
Removing unused module `$abstract\heichips25_template'.
Removing unused module `$abstract\top'.
Removing unused module `$abstract\register'.
Removing unused module `$abstract\pc'.
Removing unused module `$abstract\memory'.
Removing unused module `$abstract\ir'.
Removing unused module `$abstract\flags'.
Removing unused module `$abstract\controller'.
Removing unused module `$abstract\clock'.
Removing unused module `$abstract\alu'.
Removed 10 unused modules.
Renaming module heichips25_template to heichips25_template.

5. Generating Graphviz representation of design.
Writing dot description to `/home/philippos/Documents/Git/heiChips2025_project/sap_2_v2/heichips25-template/librelane/runs/RUN_2025-08-07_17-49-01/06-yosys-synthesis/hierarchy.dot'.
Dumping module heichips25_template to page 1.

6. Executing ATTRMAP pass (move or copy attributes).

7. Executing TRIBUF pass.

8. Executing HIERARCHY pass (managing design hierarchy).

8.1. Analyzing design hierarchy..
Top module:  \heichips25_template
Used module:     \top
Used module:         \controller
Used module:         \flags
Used module:         \alu
Used module:         \register
Used module:         \memory
Used module:         \ir
Used module:         \pc
Used module:         \clock

8.2. Analyzing design hierarchy..
Top module:  \heichips25_template
Used module:     \top
Used module:         \controller
Used module:         \flags
Used module:         \alu
Used module:         \register
Used module:         \memory
Used module:         \ir
Used module:         \pc
Used module:         \clock
Removed 0 unused modules.

9. Executing PROC_CLEAN pass (remove empty switches from decision trees).
Cleaned up 0 empty switches.

10. Executing PROC_RMDEAD pass (remove dead branches from decision trees).
Marked 2 switch rules as full_case in process $proc$/home/philippos/Documents/Git/heiChips2025_project/sap_2_v2/heichips25-template/src/pc.v:12$95 in module pc.
Marked 1 switch rules as full_case in process $proc$/home/philippos/Documents/Git/heiChips2025_project/sap_2_v2/heichips25-template/src/ir.v:11$94 in module ir.
Marked 5 switch rules as full_case in process $proc$/home/philippos/Documents/Git/heiChips2025_project/sap_2_v2/heichips25-template/src/memory.v:30$59 in module memory.
Marked 3 switch rules as full_case in process $proc$/home/philippos/Documents/Git/heiChips2025_project/sap_2_v2/heichips25-template/src/register.v:13$52 in module register.
Removed 1 dead cases from process $proc$/home/philippos/Documents/Git/heiChips2025_project/sap_2_v2/heichips25-template/src/alu.v:31$43 in module alu.
Marked 1 switch rules as full_case in process $proc$/home/philippos/Documents/Git/heiChips2025_project/sap_2_v2/heichips25-template/src/alu.v:31$43 in module alu.
Marked 1 switch rules as full_case in process $proc$/home/philippos/Documents/Git/heiChips2025_project/sap_2_v2/heichips25-template/src/alu.v:23$42 in module alu.
Marked 3 switch rules as full_case in process $proc$/home/philippos/Documents/Git/heiChips2025_project/sap_2_v2/heichips25-template/src/flags.v:18$29 in module flags.
Marked 1 switch rules as full_case in process $proc$/home/philippos/Documents/Git/heiChips2025_project/sap_2_v2/heichips25-template/src/controller.v:75$7 in module controller.
Marked 2 switch rules as full_case in process $proc$/home/philippos/Documents/Git/heiChips2025_project/sap_2_v2/heichips25-template/src/controller.v:63$5 in module controller.
Marked 6 switch rules as full_case in process $proc$/home/philippos/Documents/Git/heiChips2025_project/sap_2_v2/heichips25-template/src/top.v:53$3 in module top.
Removed a total of 1 dead cases.

11. Executing PROC_PRUNE pass (remove redundant assignments in processes).
Removed 1 redundant assignment.
Promoted 14 assignments to connections.

12. Executing PROC_INIT pass (extract init attributes).

13. Executing PROC_ARST pass (detect async resets in processes).
Found async reset \rst in `\pc.$proc$/home/philippos/Documents/Git/heiChips2025_project/sap_2_v2/heichips25-template/src/pc.v:12$95'.
Found async reset \rst in `\ir.$proc$/home/philippos/Documents/Git/heiChips2025_project/sap_2_v2/heichips25-template/src/ir.v:11$94'.
Found async reset \rst in `\register.$proc$/home/philippos/Documents/Git/heiChips2025_project/sap_2_v2/heichips25-template/src/register.v:13$52'.
Found async reset \rst in `\alu.$proc$/home/philippos/Documents/Git/heiChips2025_project/sap_2_v2/heichips25-template/src/alu.v:23$42'.
Found async reset \rst in `\flags.$proc$/home/philippos/Documents/Git/heiChips2025_project/sap_2_v2/heichips25-template/src/flags.v:18$29'.
Found async reset \rst in `\controller.$proc$/home/philippos/Documents/Git/heiChips2025_project/sap_2_v2/heichips25-template/src/controller.v:63$5'.

14. Executing PROC_ROM pass (convert switches to ROMs).
Converted 0 switches.
<suppressed ~27 debug messages>

15. Executing PROC_MUX pass (convert decision trees to multiplexers).
Creating decoders for process `\pc.$proc$/home/philippos/Documents/Git/heiChips2025_project/sap_2_v2/heichips25-template/src/pc.v:12$95'.
     1/1: $0\pc[15:0]
Creating decoders for process `\ir.$proc$/home/philippos/Documents/Git/heiChips2025_project/sap_2_v2/heichips25-template/src/ir.v:11$94'.
     1/1: $0\ir[7:0]
Creating decoders for process `\memory.$proc$/home/philippos/Documents/Git/heiChips2025_project/sap_2_v2/heichips25-template/src/memory.v:30$59'.
     1/27: $5$memwr$\ram$/home/philippos/Documents/Git/heiChips2025_project/sap_2_v2/heichips25-template/src/memory.v:54$57_EN[7:0]$93
     2/27: $5$memwr$\ram$/home/philippos/Documents/Git/heiChips2025_project/sap_2_v2/heichips25-template/src/memory.v:54$57_DATA[7:0]$92
     3/27: $5$memwr$\ram$/home/philippos/Documents/Git/heiChips2025_project/sap_2_v2/heichips25-template/src/memory.v:54$57_ADDR[15:0]$91
     4/27: $4$memwr$\ram$/home/philippos/Documents/Git/heiChips2025_project/sap_2_v2/heichips25-template/src/memory.v:54$57_EN[7:0]$89
     5/27: $4$memwr$\ram$/home/philippos/Documents/Git/heiChips2025_project/sap_2_v2/heichips25-template/src/memory.v:54$57_DATA[7:0]$88
     6/27: $4$memwr$\ram$/home/philippos/Documents/Git/heiChips2025_project/sap_2_v2/heichips25-template/src/memory.v:54$57_ADDR[15:0]$87
     7/27: $3$memwr$\ram$/home/philippos/Documents/Git/heiChips2025_project/sap_2_v2/heichips25-template/src/memory.v:54$57_EN[7:0]$85
     8/27: $3$memwr$\ram$/home/philippos/Documents/Git/heiChips2025_project/sap_2_v2/heichips25-template/src/memory.v:54$57_DATA[7:0]$84
     9/27: $3$memwr$\ram$/home/philippos/Documents/Git/heiChips2025_project/sap_2_v2/heichips25-template/src/memory.v:54$57_ADDR[15:0]$83
    10/27: $2$memwr$\ram$/home/philippos/Documents/Git/heiChips2025_project/sap_2_v2/heichips25-template/src/memory.v:48$56_EN[7:0]$79
    11/27: $2$memwr$\ram$/home/philippos/Documents/Git/heiChips2025_project/sap_2_v2/heichips25-template/src/memory.v:48$56_DATA[7:0]$78
    12/27: $2$memwr$\ram$/home/philippos/Documents/Git/heiChips2025_project/sap_2_v2/heichips25-template/src/memory.v:47$55_EN[7:0]$77
    13/27: $2$memwr$\ram$/home/philippos/Documents/Git/heiChips2025_project/sap_2_v2/heichips25-template/src/memory.v:47$55_DATA[7:0]$76
    14/27: $2$memwr$\ram$/home/philippos/Documents/Git/heiChips2025_project/sap_2_v2/heichips25-template/src/memory.v:54$57_EN[7:0]$82
    15/27: $2$memwr$\ram$/home/philippos/Documents/Git/heiChips2025_project/sap_2_v2/heichips25-template/src/memory.v:54$57_DATA[7:0]$81
    16/27: $2$memwr$\ram$/home/philippos/Documents/Git/heiChips2025_project/sap_2_v2/heichips25-template/src/memory.v:54$57_ADDR[15:0]$80
    17/27: $1$memwr$\ram$/home/philippos/Documents/Git/heiChips2025_project/sap_2_v2/heichips25-template/src/memory.v:54$57_EN[7:0]$73
    18/27: $1$memwr$\ram$/home/philippos/Documents/Git/heiChips2025_project/sap_2_v2/heichips25-template/src/memory.v:54$57_DATA[7:0]$72
    19/27: $1$memwr$\ram$/home/philippos/Documents/Git/heiChips2025_project/sap_2_v2/heichips25-template/src/memory.v:54$57_ADDR[15:0]$71
    20/27: $1$memwr$\ram$/home/philippos/Documents/Git/heiChips2025_project/sap_2_v2/heichips25-template/src/memory.v:48$56_EN[7:0]$70
    21/27: $1$memwr$\ram$/home/philippos/Documents/Git/heiChips2025_project/sap_2_v2/heichips25-template/src/memory.v:48$56_DATA[7:0]$69
    22/27: $1$memwr$\ram$/home/philippos/Documents/Git/heiChips2025_project/sap_2_v2/heichips25-template/src/memory.v:47$55_EN[7:0]$68
    23/27: $1$memwr$\ram$/home/philippos/Documents/Git/heiChips2025_project/sap_2_v2/heichips25-template/src/memory.v:47$55_DATA[7:0]$67
    24/27: $1\mdr[15:0] [15:8]
    25/27: $1\mdr[15:0] [7:0]
    26/27: $1\mar[15:0] [7:0]
    27/27: $1\mar[15:0] [15:8]
Creating decoders for process `\memory.$proc$/home/philippos/Documents/Git/heiChips2025_project/sap_2_v2/heichips25-template/src/memory.v:25$58'.
Creating decoders for process `\register.$proc$/home/philippos/Documents/Git/heiChips2025_project/sap_2_v2/heichips25-template/src/register.v:13$52'.
     1/1: $0\data[7:0]
Creating decoders for process `\alu.$proc$/home/philippos/Documents/Git/heiChips2025_project/sap_2_v2/heichips25-template/src/alu.v:31$43'.
     1/2: $1\alu[7:0] [7:1]
     2/2: $1\alu[7:0] [0]
Creating decoders for process `\alu.$proc$/home/philippos/Documents/Git/heiChips2025_project/sap_2_v2/heichips25-template/src/alu.v:23$42'.
     1/1: $0\tmp[7:0]
Creating decoders for process `\flags.$proc$/home/philippos/Documents/Git/heiChips2025_project/sap_2_v2/heichips25-template/src/flags.v:18$29'.
     1/2: $0\flags[1:0] [1]
     2/2: $0\flags[1:0] [0]
Creating decoders for process `\controller.$proc$/home/philippos/Documents/Git/heiChips2025_project/sap_2_v2/heichips25-template/src/controller.v:75$7'.
     1/2: $1\stage_rst[0:0]
     2/2: $1$mem2bits$\ctrl_rom$/home/philippos/Documents/Git/heiChips2025_project/sap_2_v2/heichips25-template/src/controller.v:84$4[34:0]$27
Creating decoders for process `\controller.$proc$/home/philippos/Documents/Git/heiChips2025_project/sap_2_v2/heichips25-template/src/controller.v:63$5'.
     1/1: $0\stage[3:0]
Creating decoders for process `\top.$proc$/home/philippos/Documents/Git/heiChips2025_project/sap_2_v2/heichips25-template/src/top.v:53$3'.
     1/6: $6\bus[15:0]
     2/6: $5\bus[15:0]
     3/6: $4\bus[15:0]
     4/6: $3\bus[15:0]
     5/6: $2\bus[15:0]
     6/6: $1\bus[15:0]

16. Executing PROC_DLATCH pass (convert process syncs to latches).
No latch inferred for signal `\alu.\alu' from process `\alu.$proc$/home/philippos/Documents/Git/heiChips2025_project/sap_2_v2/heichips25-template/src/alu.v:31$43'.
No latch inferred for signal `\controller.\ctrl_word' from process `\controller.$proc$/home/philippos/Documents/Git/heiChips2025_project/sap_2_v2/heichips25-template/src/controller.v:75$7'.
No latch inferred for signal `\controller.\stage_rst' from process `\controller.$proc$/home/philippos/Documents/Git/heiChips2025_project/sap_2_v2/heichips25-template/src/controller.v:75$7'.
No latch inferred for signal `\controller.$mem2bits$\ctrl_rom$/home/philippos/Documents/Git/heiChips2025_project/sap_2_v2/heichips25-template/src/controller.v:84$4' from process `\controller.$proc$/home/philippos/Documents/Git/heiChips2025_project/sap_2_v2/heichips25-template/src/controller.v:75$7'.
No latch inferred for signal `\top.\bus' from process `\top.$proc$/home/philippos/Documents/Git/heiChips2025_project/sap_2_v2/heichips25-template/src/top.v:53$3'.

17. Executing PROC_DFF pass (convert process syncs to FFs).
Creating register for signal `\pc.\pc' using process `\pc.$proc$/home/philippos/Documents/Git/heiChips2025_project/sap_2_v2/heichips25-template/src/pc.v:12$95'.
  created $adff cell `$procdff$421' with positive edge clock and positive level reset.
Creating register for signal `\ir.\ir' using process `\ir.$proc$/home/philippos/Documents/Git/heiChips2025_project/sap_2_v2/heichips25-template/src/ir.v:11$94'.
  created $adff cell `$procdff$424' with positive edge clock and positive level reset.
Creating register for signal `\memory.\mar' using process `\memory.$proc$/home/philippos/Documents/Git/heiChips2025_project/sap_2_v2/heichips25-template/src/memory.v:30$59'.
  created $dff cell `$procdff$425' with positive edge clock.
Creating register for signal `\memory.\mdr' using process `\memory.$proc$/home/philippos/Documents/Git/heiChips2025_project/sap_2_v2/heichips25-template/src/memory.v:30$59'.
  created $dff cell `$procdff$426' with positive edge clock.
Creating register for signal `\memory.$memwr$\ram$/home/philippos/Documents/Git/heiChips2025_project/sap_2_v2/heichips25-template/src/memory.v:47$55_DATA' using process `\memory.$proc$/home/philippos/Documents/Git/heiChips2025_project/sap_2_v2/heichips25-template/src/memory.v:30$59'.
  created $dff cell `$procdff$427' with positive edge clock.
Creating register for signal `\memory.$memwr$\ram$/home/philippos/Documents/Git/heiChips2025_project/sap_2_v2/heichips25-template/src/memory.v:47$55_EN' using process `\memory.$proc$/home/philippos/Documents/Git/heiChips2025_project/sap_2_v2/heichips25-template/src/memory.v:30$59'.
  created $dff cell `$procdff$428' with positive edge clock.
Creating register for signal `\memory.$memwr$\ram$/home/philippos/Documents/Git/heiChips2025_project/sap_2_v2/heichips25-template/src/memory.v:48$56_DATA' using process `\memory.$proc$/home/philippos/Documents/Git/heiChips2025_project/sap_2_v2/heichips25-template/src/memory.v:30$59'.
  created $dff cell `$procdff$429' with positive edge clock.
Creating register for signal `\memory.$memwr$\ram$/home/philippos/Documents/Git/heiChips2025_project/sap_2_v2/heichips25-template/src/memory.v:48$56_EN' using process `\memory.$proc$/home/philippos/Documents/Git/heiChips2025_project/sap_2_v2/heichips25-template/src/memory.v:30$59'.
  created $dff cell `$procdff$430' with positive edge clock.
Creating register for signal `\memory.$memwr$\ram$/home/philippos/Documents/Git/heiChips2025_project/sap_2_v2/heichips25-template/src/memory.v:54$57_ADDR' using process `\memory.$proc$/home/philippos/Documents/Git/heiChips2025_project/sap_2_v2/heichips25-template/src/memory.v:30$59'.
  created $dff cell `$procdff$431' with positive edge clock.
Creating register for signal `\memory.$memwr$\ram$/home/philippos/Documents/Git/heiChips2025_project/sap_2_v2/heichips25-template/src/memory.v:54$57_DATA' using process `\memory.$proc$/home/philippos/Documents/Git/heiChips2025_project/sap_2_v2/heichips25-template/src/memory.v:30$59'.
  created $dff cell `$procdff$432' with positive edge clock.
Creating register for signal `\memory.$memwr$\ram$/home/philippos/Documents/Git/heiChips2025_project/sap_2_v2/heichips25-template/src/memory.v:54$57_EN' using process `\memory.$proc$/home/philippos/Documents/Git/heiChips2025_project/sap_2_v2/heichips25-template/src/memory.v:30$59'.
  created $dff cell `$procdff$433' with positive edge clock.
Creating register for signal `\memory.\mar' using process `\memory.$proc$/home/philippos/Documents/Git/heiChips2025_project/sap_2_v2/heichips25-template/src/memory.v:25$58'.
  created $dff cell `$procdff$434' with positive edge clock.
Creating register for signal `\memory.\mdr' using process `\memory.$proc$/home/philippos/Documents/Git/heiChips2025_project/sap_2_v2/heichips25-template/src/memory.v:25$58'.
  created $dff cell `$procdff$435' with positive edge clock.
Creating register for signal `\register.\data' using process `\register.$proc$/home/philippos/Documents/Git/heiChips2025_project/sap_2_v2/heichips25-template/src/register.v:13$52'.
  created $adff cell `$procdff$438' with positive edge clock and positive level reset.
Creating register for signal `\alu.\tmp' using process `\alu.$proc$/home/philippos/Documents/Git/heiChips2025_project/sap_2_v2/heichips25-template/src/alu.v:23$42'.
  created $adff cell `$procdff$441' with positive edge clock and positive level reset.
Creating register for signal `\flags.\flags' using process `\flags.$proc$/home/philippos/Documents/Git/heiChips2025_project/sap_2_v2/heichips25-template/src/flags.v:18$29'.
  created $adff cell `$procdff$444' with negative edge clock and positive level reset.
Creating register for signal `\controller.\stage' using process `\controller.$proc$/home/philippos/Documents/Git/heiChips2025_project/sap_2_v2/heichips25-template/src/controller.v:63$5'.
  created $adff cell `$procdff$447' with negative edge clock and positive level reset.

18. Executing PROC_MEMWR pass (convert process memory writes to cells).

19. Executing PROC_CLEAN pass (remove empty switches from decision trees).
Found and cleaned up 2 empty switches in `\pc.$proc$/home/philippos/Documents/Git/heiChips2025_project/sap_2_v2/heichips25-template/src/pc.v:12$95'.
Removing empty process `pc.$proc$/home/philippos/Documents/Git/heiChips2025_project/sap_2_v2/heichips25-template/src/pc.v:12$95'.
Found and cleaned up 1 empty switch in `\ir.$proc$/home/philippos/Documents/Git/heiChips2025_project/sap_2_v2/heichips25-template/src/ir.v:11$94'.
Removing empty process `ir.$proc$/home/philippos/Documents/Git/heiChips2025_project/sap_2_v2/heichips25-template/src/ir.v:11$94'.
Found and cleaned up 8 empty switches in `\memory.$proc$/home/philippos/Documents/Git/heiChips2025_project/sap_2_v2/heichips25-template/src/memory.v:30$59'.
Removing empty process `memory.$proc$/home/philippos/Documents/Git/heiChips2025_project/sap_2_v2/heichips25-template/src/memory.v:30$59'.
Removing empty process `memory.$proc$/home/philippos/Documents/Git/heiChips2025_project/sap_2_v2/heichips25-template/src/memory.v:25$58'.
Found and cleaned up 3 empty switches in `\register.$proc$/home/philippos/Documents/Git/heiChips2025_project/sap_2_v2/heichips25-template/src/register.v:13$52'.
Removing empty process `register.$proc$/home/philippos/Documents/Git/heiChips2025_project/sap_2_v2/heichips25-template/src/register.v:13$52'.
Found and cleaned up 1 empty switch in `\alu.$proc$/home/philippos/Documents/Git/heiChips2025_project/sap_2_v2/heichips25-template/src/alu.v:31$43'.
Removing empty process `alu.$proc$/home/philippos/Documents/Git/heiChips2025_project/sap_2_v2/heichips25-template/src/alu.v:31$43'.
Found and cleaned up 1 empty switch in `\alu.$proc$/home/philippos/Documents/Git/heiChips2025_project/sap_2_v2/heichips25-template/src/alu.v:23$42'.
Removing empty process `alu.$proc$/home/philippos/Documents/Git/heiChips2025_project/sap_2_v2/heichips25-template/src/alu.v:23$42'.
Found and cleaned up 3 empty switches in `\flags.$proc$/home/philippos/Documents/Git/heiChips2025_project/sap_2_v2/heichips25-template/src/flags.v:18$29'.
Removing empty process `flags.$proc$/home/philippos/Documents/Git/heiChips2025_project/sap_2_v2/heichips25-template/src/flags.v:18$29'.
Found and cleaned up 1 empty switch in `\controller.$proc$/home/philippos/Documents/Git/heiChips2025_project/sap_2_v2/heichips25-template/src/controller.v:75$7'.
Removing empty process `controller.$proc$/home/philippos/Documents/Git/heiChips2025_project/sap_2_v2/heichips25-template/src/controller.v:75$7'.
Found and cleaned up 1 empty switch in `\controller.$proc$/home/philippos/Documents/Git/heiChips2025_project/sap_2_v2/heichips25-template/src/controller.v:63$5'.
Removing empty process `controller.$proc$/home/philippos/Documents/Git/heiChips2025_project/sap_2_v2/heichips25-template/src/controller.v:63$5'.
Found and cleaned up 6 empty switches in `\top.$proc$/home/philippos/Documents/Git/heiChips2025_project/sap_2_v2/heichips25-template/src/top.v:53$3'.
Removing empty process `top.$proc$/home/philippos/Documents/Git/heiChips2025_project/sap_2_v2/heichips25-template/src/top.v:53$3'.
Cleaned up 27 empty switches.

20. Executing CHECK pass (checking for obvious problems).
Checking module heichips25_template...
Warning: Wire heichips25_template.\uo_out [7] is used but has no driver.
Warning: Wire heichips25_template.\uo_out [6] is used but has no driver.
Warning: Wire heichips25_template.\uo_out [5] is used but has no driver.
Warning: Wire heichips25_template.\uo_out [4] is used but has no driver.
Warning: Wire heichips25_template.\uo_out [3] is used but has no driver.
Warning: Wire heichips25_template.\uo_out [2] is used but has no driver.
Warning: Wire heichips25_template.\uo_out [1] is used but has no driver.
Warning: Wire heichips25_template.\uo_out [0] is used but has no driver.
Warning: Wire heichips25_template.\uio_out [7] is used but has no driver.
Warning: Wire heichips25_template.\uio_out [6] is used but has no driver.
Warning: Wire heichips25_template.\uio_out [5] is used but has no driver.
Warning: Wire heichips25_template.\uio_out [4] is used but has no driver.
Warning: Wire heichips25_template.\uio_out [3] is used but has no driver.
Warning: Wire heichips25_template.\uio_out [2] is used but has no driver.
Warning: Wire heichips25_template.\uio_out [1] is used but has no driver.
Warning: Wire heichips25_template.\uio_out [0] is used but has no driver.
Checking module pc...
Checking module ir...
Checking module memory...
Warning: multiple conflicting drivers for memory.\mar [15]:
    port Q[15] of cell $procdff$434 ($dff)
    port Q[15] of cell $procdff$425 ($dff)
Warning: multiple conflicting drivers for memory.\mar [14]:
    port Q[14] of cell $procdff$434 ($dff)
    port Q[14] of cell $procdff$425 ($dff)
Warning: multiple conflicting drivers for memory.\mar [13]:
    port Q[13] of cell $procdff$434 ($dff)
    port Q[13] of cell $procdff$425 ($dff)
Warning: multiple conflicting drivers for memory.\mar [12]:
    port Q[12] of cell $procdff$434 ($dff)
    port Q[12] of cell $procdff$425 ($dff)
Warning: multiple conflicting drivers for memory.\mar [11]:
    port Q[11] of cell $procdff$434 ($dff)
    port Q[11] of cell $procdff$425 ($dff)
Warning: multiple conflicting drivers for memory.\mar [10]:
    port Q[10] of cell $procdff$434 ($dff)
    port Q[10] of cell $procdff$425 ($dff)
Warning: multiple conflicting drivers for memory.\mar [9]:
    port Q[9] of cell $procdff$434 ($dff)
    port Q[9] of cell $procdff$425 ($dff)
Warning: multiple conflicting drivers for memory.\mar [8]:
    port Q[8] of cell $procdff$434 ($dff)
    port Q[8] of cell $procdff$425 ($dff)
Warning: multiple conflicting drivers for memory.\mar [7]:
    port Q[7] of cell $procdff$434 ($dff)
    port Q[7] of cell $procdff$425 ($dff)
Warning: multiple conflicting drivers for memory.\mar [6]:
    port Q[6] of cell $procdff$434 ($dff)
    port Q[6] of cell $procdff$425 ($dff)
Warning: multiple conflicting drivers for memory.\mar [5]:
    port Q[5] of cell $procdff$434 ($dff)
    port Q[5] of cell $procdff$425 ($dff)
Warning: multiple conflicting drivers for memory.\mar [4]:
    port Q[4] of cell $procdff$434 ($dff)
    port Q[4] of cell $procdff$425 ($dff)
Warning: multiple conflicting drivers for memory.\mar [3]:
    port Q[3] of cell $procdff$434 ($dff)
    port Q[3] of cell $procdff$425 ($dff)
Warning: multiple conflicting drivers for memory.\mar [2]:
    port Q[2] of cell $procdff$434 ($dff)
    port Q[2] of cell $procdff$425 ($dff)
Warning: multiple conflicting drivers for memory.\mar [1]:
    port Q[1] of cell $procdff$434 ($dff)
    port Q[1] of cell $procdff$425 ($dff)
Warning: multiple conflicting drivers for memory.\mar [0]:
    port Q[0] of cell $procdff$434 ($dff)
    port Q[0] of cell $procdff$425 ($dff)
Warning: multiple conflicting drivers for memory.\mdr [15]:
    port Q[15] of cell $procdff$435 ($dff)
    port Q[15] of cell $procdff$426 ($dff)
Warning: multiple conflicting drivers for memory.\mdr [14]:
    port Q[14] of cell $procdff$435 ($dff)
    port Q[14] of cell $procdff$426 ($dff)
Warning: multiple conflicting drivers for memory.\mdr [13]:
    port Q[13] of cell $procdff$435 ($dff)
    port Q[13] of cell $procdff$426 ($dff)
Warning: multiple conflicting drivers for memory.\mdr [12]:
    port Q[12] of cell $procdff$435 ($dff)
    port Q[12] of cell $procdff$426 ($dff)
Warning: multiple conflicting drivers for memory.\mdr [11]:
    port Q[11] of cell $procdff$435 ($dff)
    port Q[11] of cell $procdff$426 ($dff)
Warning: multiple conflicting drivers for memory.\mdr [10]:
    port Q[10] of cell $procdff$435 ($dff)
    port Q[10] of cell $procdff$426 ($dff)
Warning: multiple conflicting drivers for memory.\mdr [9]:
    port Q[9] of cell $procdff$435 ($dff)
    port Q[9] of cell $procdff$426 ($dff)
Warning: multiple conflicting drivers for memory.\mdr [8]:
    port Q[8] of cell $procdff$435 ($dff)
    port Q[8] of cell $procdff$426 ($dff)
Warning: multiple conflicting drivers for memory.\mdr [7]:
    port Q[7] of cell $procdff$435 ($dff)
    port Q[7] of cell $procdff$426 ($dff)
Warning: multiple conflicting drivers for memory.\mdr [6]:
    port Q[6] of cell $procdff$435 ($dff)
    port Q[6] of cell $procdff$426 ($dff)
Warning: multiple conflicting drivers for memory.\mdr [5]:
    port Q[5] of cell $procdff$435 ($dff)
    port Q[5] of cell $procdff$426 ($dff)
Warning: multiple conflicting drivers for memory.\mdr [4]:
    port Q[4] of cell $procdff$435 ($dff)
    port Q[4] of cell $procdff$426 ($dff)
Warning: multiple conflicting drivers for memory.\mdr [3]:
    port Q[3] of cell $procdff$435 ($dff)
    port Q[3] of cell $procdff$426 ($dff)
Warning: multiple conflicting drivers for memory.\mdr [2]:
    port Q[2] of cell $procdff$435 ($dff)
    port Q[2] of cell $procdff$426 ($dff)
Warning: multiple conflicting drivers for memory.\mdr [1]:
    port Q[1] of cell $procdff$435 ($dff)
    port Q[1] of cell $procdff$426 ($dff)
Warning: multiple conflicting drivers for memory.\mdr [0]:
    port Q[0] of cell $procdff$435 ($dff)
    port Q[0] of cell $procdff$426 ($dff)
Checking module register...
Checking module alu...
Checking module flags...
Checking module controller...
Checking module top...
Checking module clock...
Found and reported 48 problems.

21. Executing OPT_EXPR pass (perform const folding).
Optimizing module heichips25_template.
Optimizing module pc.
<suppressed ~1 debug messages>
Optimizing module ir.
<suppressed ~1 debug messages>
Optimizing module memory.
Optimizing module register.
<suppressed ~1 debug messages>
Optimizing module alu.
<suppressed ~5 debug messages>
Optimizing module flags.
<suppressed ~7 debug messages>
Optimizing module controller.
<suppressed ~4 debug messages>
Optimizing module top.
Optimizing module clock.

22. Executing FLATTEN pass (flatten design).
Deleting now unused module pc.
Deleting now unused module ir.
Deleting now unused module memory.
Deleting now unused module register.
Deleting now unused module alu.
Deleting now unused module flags.
Deleting now unused module controller.
Deleting now unused module top.
Deleting now unused module clock.
<suppressed ~11 debug messages>

23. Executing OPT_EXPR pass (perform const folding).
Optimizing module heichips25_template.
<suppressed ~10 debug messages>

24. Executing OPT_CLEAN pass (remove unused cells and wires).
Finding unused cells or wires in module \heichips25_template..
Removed 198 unused cells and 443 unused wires.
<suppressed ~280 debug messages>

25. Executing OPT_EXPR pass (perform const folding).
Optimizing module heichips25_template.

26. Executing OPT_MERGE pass (detect identical cells).
Finding identical cells in module `\heichips25_template'.
Removed a total of 0 cells.

27. Executing OPT_MUXTREE pass (detect dead branches in mux trees).
Running muxtree optimizer on module \heichips25_template..
  Creating internal representation of mux trees.
  No muxes found in this module.
Removed 0 multiplexer ports.

28. Executing OPT_REDUCE pass (consolidate $*mux and $reduce_* inputs).
  Optimizing cells in module \heichips25_template.
Performed a total of 0 changes.

29. Executing OPT_MERGE pass (detect identical cells).
Finding identical cells in module `\heichips25_template'.
Removed a total of 0 cells.

30. Executing OPT_DFF pass (perform DFF optimizations).

31. Executing OPT_CLEAN pass (remove unused cells and wires).
Finding unused cells or wires in module \heichips25_template..
Removed 0 unused cells and 46 unused wires.
<suppressed ~46 debug messages>

32. Executing OPT_EXPR pass (perform const folding).
Optimizing module heichips25_template.

33. Rerunning OPT passes. (Maybe there is more to do…)

34. Executing OPT_MUXTREE pass (detect dead branches in mux trees).
Running muxtree optimizer on module \heichips25_template..
  Creating internal representation of mux trees.
  No muxes found in this module.
Removed 0 multiplexer ports.

35. Executing OPT_REDUCE pass (consolidate $*mux and $reduce_* inputs).
  Optimizing cells in module \heichips25_template.
Performed a total of 0 changes.

36. Executing OPT_MERGE pass (detect identical cells).
Finding identical cells in module `\heichips25_template'.
Removed a total of 0 cells.

37. Executing OPT_DFF pass (perform DFF optimizations).

38. Executing OPT_CLEAN pass (remove unused cells and wires).
Finding unused cells or wires in module \heichips25_template..

39. Executing OPT_EXPR pass (perform const folding).
Optimizing module heichips25_template.

40. Executing FSM pass (extract and optimize FSM).

40.1. Executing FSM_DETECT pass (finding FSMs in design).

40.2. Executing FSM_EXTRACT pass (extracting FSM from design).

40.3. Executing FSM_OPT pass (simple optimizations of FSMs).

40.4. Executing OPT_CLEAN pass (remove unused cells and wires).
Finding unused cells or wires in module \heichips25_template..

40.5. Executing FSM_OPT pass (simple optimizations of FSMs).

40.6. Executing FSM_RECODE pass (re-assigning FSM state encoding).

40.7. Executing FSM_INFO pass (dumping all available information on FSM cells).

40.8. Executing FSM_MAP pass (mapping FSMs to basic logic).

41. Executing OPT_EXPR pass (perform const folding).
Optimizing module heichips25_template.

42. Executing OPT_MERGE pass (detect identical cells).
Finding identical cells in module `\heichips25_template'.
Removed a total of 0 cells.

43. Executing OPT_MUXTREE pass (detect dead branches in mux trees).
Running muxtree optimizer on module \heichips25_template..
  Creating internal representation of mux trees.
  No muxes found in this module.
Removed 0 multiplexer ports.

44. Executing OPT_REDUCE pass (consolidate $*mux and $reduce_* inputs).
  Optimizing cells in module \heichips25_template.
Performed a total of 0 changes.

45. Executing OPT_MERGE pass (detect identical cells).
Finding identical cells in module `\heichips25_template'.
Removed a total of 0 cells.

46. Executing OPT_DFF pass (perform DFF optimizations).

47. Executing OPT_CLEAN pass (remove unused cells and wires).
Finding unused cells or wires in module \heichips25_template..

48. Executing OPT_EXPR pass (perform const folding).
Optimizing module heichips25_template.

49. Executing WREDUCE pass (reducing word size of cells).

50. Executing PEEPOPT pass (run peephole optimizers).

51. Executing OPT_CLEAN pass (remove unused cells and wires).
Finding unused cells or wires in module \heichips25_template..

52. Executing ALUMACC pass (create $alu and $macc cells).
Extracting $alu and $macc cells in module heichips25_template:
  created 0 $alu and 0 $macc cells.

53. Executing SHARE pass (SAT-based resource sharing).

54. Executing OPT_EXPR pass (perform const folding).
Optimizing module heichips25_template.

55. Executing OPT_MERGE pass (detect identical cells).
Finding identical cells in module `\heichips25_template'.
Removed a total of 0 cells.

56. Executing OPT_MUXTREE pass (detect dead branches in mux trees).
Running muxtree optimizer on module \heichips25_template..
  Creating internal representation of mux trees.
  No muxes found in this module.
Removed 0 multiplexer ports.

57. Executing OPT_REDUCE pass (consolidate $*mux and $reduce_* inputs).
  Optimizing cells in module \heichips25_template.
Performed a total of 0 changes.

58. Executing OPT_MERGE pass (detect identical cells).
Finding identical cells in module `\heichips25_template'.
Removed a total of 0 cells.

59. Executing OPT_DFF pass (perform DFF optimizations).

60. Executing OPT_CLEAN pass (remove unused cells and wires).
Finding unused cells or wires in module \heichips25_template..

61. Executing OPT_EXPR pass (perform const folding).
Optimizing module heichips25_template.

62. Executing MEMORY pass.

62.1. Executing OPT_MEM pass (optimize memories).
Performed a total of 0 transformations.

62.2. Executing OPT_MEM_PRIORITY pass (removing unnecessary memory write priority relations).
Performed a total of 0 transformations.

62.3. Executing OPT_MEM_FEEDBACK pass (finding memory read-to-write feedback paths).

62.4. Executing MEMORY_BMUX2ROM pass (converting muxes to ROMs).

62.5. Executing MEMORY_DFF pass (merging $dff cells to $memrd).

62.6. Executing OPT_CLEAN pass (remove unused cells and wires).
Finding unused cells or wires in module \heichips25_template..

62.7. Executing MEMORY_SHARE pass (consolidating $memrd/$memwr cells).

62.8. Executing OPT_MEM_WIDEN pass (optimize memories where all ports are wide).
Performed a total of 0 transformations.

62.9. Executing OPT_CLEAN pass (remove unused cells and wires).
Finding unused cells or wires in module \heichips25_template..

62.10. Executing MEMORY_COLLECT pass (generating $mem cells).

63. Executing OPT_CLEAN pass (remove unused cells and wires).
Finding unused cells or wires in module \heichips25_template..

64. Executing OPT_EXPR pass (perform const folding).
Optimizing module heichips25_template.
<suppressed ~3 debug messages>

65. Executing OPT_MERGE pass (detect identical cells).
Finding identical cells in module `\heichips25_template'.
Removed a total of 0 cells.

66. Executing OPT_DFF pass (perform DFF optimizations).

67. Executing OPT_CLEAN pass (remove unused cells and wires).
Finding unused cells or wires in module \heichips25_template..

68. Executing MEMORY_MAP pass (converting memories to logic and flip-flops).

69. Executing OPT_EXPR pass (perform const folding).
Optimizing module heichips25_template.

70. Executing OPT_MERGE pass (detect identical cells).
Finding identical cells in module `\heichips25_template'.
Removed a total of 0 cells.

71. Executing OPT_MUXTREE pass (detect dead branches in mux trees).
Running muxtree optimizer on module \heichips25_template..
  Creating internal representation of mux trees.
  No muxes found in this module.
Removed 0 multiplexer ports.

72. Executing OPT_REDUCE pass (consolidate $*mux and $reduce_* inputs).
  Optimizing cells in module \heichips25_template.
Performed a total of 0 changes.

73. Executing OPT_MERGE pass (detect identical cells).
Finding identical cells in module `\heichips25_template'.
Removed a total of 0 cells.

74. Executing OPT_SHARE pass.

75. Executing OPT_DFF pass (perform DFF optimizations).

76. Executing OPT_CLEAN pass (remove unused cells and wires).
Finding unused cells or wires in module \heichips25_template..

77. Executing OPT_EXPR pass (perform const folding).
Optimizing module heichips25_template.

78. Executing TECHMAP pass (map to technology primitives).

78.1. Executing Verilog-2005 frontend: /nix/store/f2psm4dyix5p4r8c1wyz8m67psng0rjb-yosys-0.54/bin/../share/yosys/techmap.v
Parsing Verilog input from `/nix/store/f2psm4dyix5p4r8c1wyz8m67psng0rjb-yosys-0.54/bin/../share/yosys/techmap.v' to AST representation.
Generating RTLIL representation for module `\_90_simplemap_bool_ops'.
Generating RTLIL representation for module `\_90_simplemap_reduce_ops'.
Generating RTLIL representation for module `\_90_simplemap_logic_ops'.
Generating RTLIL representation for module `\_90_simplemap_compare_ops'.
Generating RTLIL representation for module `\_90_simplemap_various'.
Generating RTLIL representation for module `\_90_simplemap_registers'.
Generating RTLIL representation for module `\_90_shift_ops_shr_shl_sshl_sshr'.
Generating RTLIL representation for module `\_90_shift_shiftx'.
Generating RTLIL representation for module `\_90_fa'.
Generating RTLIL representation for module `\_90_lcu_brent_kung'.
Generating RTLIL representation for module `\_90_alu'.
Generating RTLIL representation for module `\_90_macc'.
Generating RTLIL representation for module `\_90_alumacc'.
Generating RTLIL representation for module `\$__div_mod_u'.
Generating RTLIL representation for module `\$__div_mod_trunc'.
Generating RTLIL representation for module `\_90_div'.
Generating RTLIL representation for module `\_90_mod'.
Generating RTLIL representation for module `\$__div_mod_floor'.
Generating RTLIL representation for module `\_90_divfloor'.
Generating RTLIL representation for module `\_90_modfloor'.
Generating RTLIL representation for module `\_90_pow'.
Generating RTLIL representation for module `\_90_pmux'.
Generating RTLIL representation for module `\_90_demux'.
Generating RTLIL representation for module `\_90_lut'.
Successfully finished Verilog frontend.

78.2. Continuing TECHMAP pass.
No more expansions possible.
<suppressed ~75 debug messages>

79. Executing OPT_EXPR pass (perform const folding).
Optimizing module heichips25_template.

80. Executing OPT_MERGE pass (detect identical cells).
Finding identical cells in module `\heichips25_template'.
Removed a total of 0 cells.

81. Executing OPT_DFF pass (perform DFF optimizations).

82. Executing OPT_CLEAN pass (remove unused cells and wires).
Finding unused cells or wires in module \heichips25_template..

83. Executing OPT_EXPR pass (perform const folding).
Optimizing module heichips25_template.

84. Executing OPT_MERGE pass (detect identical cells).
Finding identical cells in module `\heichips25_template'.
Removed a total of 0 cells.

85. Executing OPT_DFF pass (perform DFF optimizations).

86. Executing OPT_CLEAN pass (remove unused cells and wires).
Finding unused cells or wires in module \heichips25_template..

87. Executing ABC pass (technology mapping using ABC).

87.1. Extracting gate netlist of module `\heichips25_template' to `<abc-temp-dir>/input.blif'..
Extracted 0 gates and 0 wires to a netlist network with 0 inputs and 0 outputs.
Don't call ABC as there is nothing to map.
Removing temp directory.

88. Executing OPT pass (performing simple optimizations).

88.1. Executing OPT_EXPR pass (perform const folding).
Optimizing module heichips25_template.

88.2. Executing OPT_MERGE pass (detect identical cells).
Finding identical cells in module `\heichips25_template'.
Removed a total of 0 cells.

88.3. Executing OPT_DFF pass (perform DFF optimizations).

88.4. Executing OPT_CLEAN pass (remove unused cells and wires).
Finding unused cells or wires in module \heichips25_template..

88.5. Finished fast OPT passes.

89. Executing HIERARCHY pass (managing design hierarchy).

89.1. Analyzing design hierarchy..
Top module:  \heichips25_template

89.2. Analyzing design hierarchy..
Top module:  \heichips25_template
Removed 0 unused modules.

90. Executing CHECK pass (checking for obvious problems).
Checking module heichips25_template...
Found and reported 0 problems.

91. Printing statistics.

=== heichips25_template ===

   Number of wires:                 10
   Number of wire bits:             45
   Number of public wires:          10
   Number of public wire bits:      45
   Number of ports:                  8
   Number of port bits:             43
   Number of memories:               0
   Number of memory bits:            0
   Number of processes:              0
   Number of cells:                 11
     $scopeinfo                     11

92. Generating Graphviz representation of design.
Writing dot description to `/home/philippos/Documents/Git/heiChips2025_project/sap_2_v2/heichips25-template/librelane/runs/RUN_2025-08-07_17-49-01/06-yosys-synthesis/primitive_techmap.dot'.
Dumping module heichips25_template to page 1.

93. Executing OPT pass (performing simple optimizations).

93.1. Executing OPT_EXPR pass (perform const folding).
Optimizing module heichips25_template.

93.2. Executing OPT_MERGE pass (detect identical cells).
Finding identical cells in module `\heichips25_template'.
Removed a total of 0 cells.

93.3. Executing OPT_MUXTREE pass (detect dead branches in mux trees).
Running muxtree optimizer on module \heichips25_template..
  Creating internal representation of mux trees.
  No muxes found in this module.
Removed 0 multiplexer ports.

93.4. Executing OPT_REDUCE pass (consolidate $*mux and $reduce_* inputs).
  Optimizing cells in module \heichips25_template.
Performed a total of 0 changes.

93.5. Executing OPT_MERGE pass (detect identical cells).
Finding identical cells in module `\heichips25_template'.
Removed a total of 0 cells.

93.6. Executing OPT_DFF pass (perform DFF optimizations).

93.7. Executing OPT_CLEAN pass (remove unused cells and wires).
Finding unused cells or wires in module \heichips25_template..

93.8. Executing OPT_EXPR pass (perform const folding).
Optimizing module heichips25_template.

93.9. Finished OPT passes. (There is nothing left to do.)

94. Executing OPT_CLEAN pass (remove unused cells and wires).
Finding unused cells or wires in module \heichips25_template..
Removed 11 unused cells and 2 unused wires.
<suppressed ~13 debug messages>
{
   "creator": "Yosys 0.54 (git sha1 db72ec3bde296a9512b2d1e6fabf81cfb07c2c1b, clang++ 19.1.7 -fPIC -O3)",
   "invocation": "stat -json -liberty /home/philippos/Documents/Git/heiChips2025_project/sap_2_v2/heichips25-template/librelane/runs/RUN_2025-08-07_17-49-01/tmp/890120da780748eb828d96a5557d332f.lib ",
   "modules": {
      "\\heichips25_template": {
         "num_wires":         8,
         "num_wire_bits":     43,
         "num_pub_wires":     8,
         "num_pub_wire_bits": 43,
         "num_ports":         8,
         "num_port_bits":     43,
         "num_memories":      0,
         "num_memory_bits":   0,
         "num_processes":     0,
         "num_cells":         0,
         "num_cells_by_type": {

         }
      }
   },
      "design": {
         "num_wires":         8,
         "num_wire_bits":     43,
         "num_pub_wires":     8,
         "num_pub_wire_bits": 43,
         "num_ports":         8,
         "num_port_bits":     43,
         "num_memories":      0,
         "num_memory_bits":   0,
         "num_processes":     0,
         "num_cells":         0,
         "num_cells_by_type": {

         }
      }
}

95. Printing statistics.

=== heichips25_template ===

   Number of wires:                  8
   Number of wire bits:             43
   Number of public wires:           8
   Number of public wire bits:      43
   Number of ports:                  8
   Number of port bits:             43
   Number of memories:               0
   Number of memory bits:            0
   Number of processes:              0
   Number of cells:                  0

[INFO] Applying tri-state buffer mapping from '/home/philippos/.ciel/ciel/ihp-sg13g2/versions/cb7daaa8901016cf7c5d272dfa322c41f024931f/ihp-sg13g2/libs.tech/librelane/sg13g2_stdcell/tribuff_map.v'…

96. Executing TECHMAP pass (map to technology primitives).

96.1. Executing Verilog-2005 frontend: /home/philippos/.ciel/ciel/ihp-sg13g2/versions/cb7daaa8901016cf7c5d272dfa322c41f024931f/ihp-sg13g2/libs.tech/librelane/sg13g2_stdcell/tribuff_map.v
Parsing Verilog input from `/home/philippos/.ciel/ciel/ihp-sg13g2/versions/cb7daaa8901016cf7c5d272dfa322c41f024931f/ihp-sg13g2/libs.tech/librelane/sg13g2_stdcell/tribuff_map.v' to AST representation.
Generating RTLIL representation for module `\$_TBUF_'.
Successfully finished Verilog frontend.

96.2. Continuing TECHMAP pass.
No more expansions possible.
<suppressed ~3 debug messages>

97. Executing SIMPLEMAP pass (map simple cells to gate primitives).
[INFO] Applying latch mapping from '/home/philippos/.ciel/ciel/ihp-sg13g2/versions/cb7daaa8901016cf7c5d272dfa322c41f024931f/ihp-sg13g2/libs.tech/librelane/sg13g2_stdcell/latch_map.v'…

98. Executing TECHMAP pass (map to technology primitives).

98.1. Executing Verilog-2005 frontend: /home/philippos/.ciel/ciel/ihp-sg13g2/versions/cb7daaa8901016cf7c5d272dfa322c41f024931f/ihp-sg13g2/libs.tech/librelane/sg13g2_stdcell/latch_map.v
Parsing Verilog input from `/home/philippos/.ciel/ciel/ihp-sg13g2/versions/cb7daaa8901016cf7c5d272dfa322c41f024931f/ihp-sg13g2/libs.tech/librelane/sg13g2_stdcell/latch_map.v' to AST representation.
Generating RTLIL representation for module `\$_DLATCH_P_'.
Generating RTLIL representation for module `\$_DLATCH_PN0_'.
Generating RTLIL representation for module `\$_DLATCH_N_'.
Generating RTLIL representation for module `\$_DLATCH_NN0_'.
Successfully finished Verilog frontend.

98.2. Continuing TECHMAP pass.
No more expansions possible.
<suppressed ~6 debug messages>

99. Executing SIMPLEMAP pass (map simple cells to gate primitives).

100. Executing DFFLIBMAP pass (mapping DFF cells to sequential cells from liberty file).
  cell sg13g2_dfrbpq_1 (noninv, pins=4, area=48.99) is a direct match for cell type $_DFF_PN0_.
  final dff cell mappings:
    unmapped dff cell: $_DFF_N_
    unmapped dff cell: $_DFF_P_
    unmapped dff cell: $_DFF_NN0_
    unmapped dff cell: $_DFF_NN1_
    unmapped dff cell: $_DFF_NP0_
    unmapped dff cell: $_DFF_NP1_
    \sg13g2_dfrbpq_1 _DFF_PN0_ (.CLK( C), .D( D), .Q( Q), .RESET_B( R));
    unmapped dff cell: $_DFF_PN1_
    unmapped dff cell: $_DFF_PP0_
    unmapped dff cell: $_DFF_PP1_
    unmapped dff cell: $_DFFE_NN_
    unmapped dff cell: $_DFFE_NP_
    unmapped dff cell: $_DFFE_PN_
    unmapped dff cell: $_DFFE_PP_
    unmapped dff cell: $_DFFSR_NNN_
    unmapped dff cell: $_DFFSR_NNP_
    unmapped dff cell: $_DFFSR_NPN_
    unmapped dff cell: $_DFFSR_NPP_
    unmapped dff cell: $_DFFSR_PNN_
    unmapped dff cell: $_DFFSR_PNP_
    unmapped dff cell: $_DFFSR_PPN_
    unmapped dff cell: $_DFFSR_PPP_

100.1. Executing DFFLEGALIZE pass (convert FFs to types supported by the target).
<suppressed ~4 debug messages>
Mapping DFF cells in module `\heichips25_template':
{
   "creator": "Yosys 0.54 (git sha1 db72ec3bde296a9512b2d1e6fabf81cfb07c2c1b, clang++ 19.1.7 -fPIC -O3)",
   "invocation": "stat -json -liberty /home/philippos/Documents/Git/heiChips2025_project/sap_2_v2/heichips25-template/librelane/runs/RUN_2025-08-07_17-49-01/tmp/890120da780748eb828d96a5557d332f.lib ",
   "modules": {
      "\\heichips25_template": {
         "num_wires":         8,
         "num_wire_bits":     43,
         "num_pub_wires":     8,
         "num_pub_wire_bits": 43,
         "num_ports":         8,
         "num_port_bits":     43,
         "num_memories":      0,
         "num_memory_bits":   0,
         "num_processes":     0,
         "num_cells":         0,
         "num_cells_by_type": {

         }
      }
   },
      "design": {
         "num_wires":         8,
         "num_wire_bits":     43,
         "num_pub_wires":     8,
         "num_pub_wire_bits": 43,
         "num_ports":         8,
         "num_port_bits":     43,
         "num_memories":      0,
         "num_memory_bits":   0,
         "num_processes":     0,
         "num_cells":         0,
         "num_cells_by_type": {

         }
      }
}

101. Printing statistics.

=== heichips25_template ===

   Number of wires:                  8
   Number of wire bits:             43
   Number of public wires:           8
   Number of public wire bits:      43
   Number of ports:                  8
   Number of port bits:             43
   Number of memories:               0
   Number of memory bits:            0
   Number of processes:              0
   Number of cells:                  0

[INFO] Using generated ABC script '/home/philippos/Documents/Git/heiChips2025_project/sap_2_v2/heichips25-template/librelane/runs/RUN_2025-08-07_17-49-01/06-yosys-synthesis/AREA_0.abc'…

102. Executing ABC pass (technology mapping using ABC).

102.1. Extracting gate netlist of module `\heichips25_template' to `/tmp/yosys-abc-kc0zP8/input.blif'..
Extracted 0 gates and 0 wires to a netlist network with 0 inputs and 0 outputs.
Don't call ABC as there is nothing to map.
Removing temp directory.

103. Executing SETUNDEF pass (replace undef values with defined constants).

104. Executing HILOMAP pass (mapping to constant drivers).

105. Executing SPLITNETS pass (splitting up multi-bit signals).

106. Executing OPT_CLEAN pass (remove unused cells and wires).
Finding unused cells or wires in module \heichips25_template..
Removed 0 unused cells and 24 unused wires.
<suppressed ~1 debug messages>

107. Executing INSBUF pass (insert buffer cells for connected wires).

108. Executing CHECK pass (checking for obvious problems).
Checking module heichips25_template...
Found and reported 0 problems.
{
   "creator": "Yosys 0.54 (git sha1 db72ec3bde296a9512b2d1e6fabf81cfb07c2c1b, clang++ 19.1.7 -fPIC -O3)",
   "invocation": "stat -json -liberty /home/philippos/Documents/Git/heiChips2025_project/sap_2_v2/heichips25-template/librelane/runs/RUN_2025-08-07_17-49-01/tmp/890120da780748eb828d96a5557d332f.lib ",
   "modules": {
      "\\heichips25_template": {
         "num_wires":         8,
         "num_wire_bits":     43,
         "num_pub_wires":     8,
         "num_pub_wire_bits": 43,
         "num_ports":         8,
         "num_port_bits":     43,
         "num_memories":      0,
         "num_memory_bits":   0,
         "num_processes":     0,
         "num_cells":         24,
         "area":              174.182400,
         "num_cells_by_type": {
            "sg13g2_tiehi": 8,
            "sg13g2_tielo": 16
         }
      }
   },
      "design": {
         "num_wires":         8,
         "num_wire_bits":     43,
         "num_pub_wires":     8,
         "num_pub_wire_bits": 43,
         "num_ports":         8,
         "num_port_bits":     43,
         "num_memories":      0,
         "num_memory_bits":   0,
         "num_processes":     0,
         "num_cells":         24,
         "area":              174.182400,
         "num_cells_by_type": {
            "sg13g2_tiehi": 8,
            "sg13g2_tielo": 16
         }
      }
}

109. Printing statistics.

=== heichips25_template ===

   Number of wires:                  8
   Number of wire bits:             43
   Number of public wires:           8
   Number of public wire bits:      43
   Number of ports:                  8
   Number of port bits:             43
   Number of memories:               0
   Number of memory bits:            0
   Number of processes:              0
   Number of cells:                 24
     sg13g2_tiehi                    8
     sg13g2_tielo                   16

   Chip area for module '\heichips25_template': 174.182400
     of which used for sequential elements: 0.000000 (0.00%)

110. Executing Verilog backend.
Dumping module `\heichips25_template'.

111. Executing JSON backend.
