Reading timing models for corner nom_typ_1p20V_25C…
Reading timing library for the 'nom_typ_1p20V_25C' corner at '/home/user/.ciel/ciel/ihp-sg13g2/versions/cb7daaa8901016cf7c5d272dfa322c41f024931f/ihp-sg13g2/libs.ref/sg13g2_stdcell/lib/sg13g2_stdcell_typ_1p20V_25C.lib'…
Reading OpenROAD database at '/home/user/Documents/heiChips2025_project/sap_2_v2/heichips25-template/librelane/runs/RUN_2025-08-07_21-42-39/32-openroad-repairdesignpostgpl/heichips25_template.odb'…
Reading design constraints file at '/nix/store/3x0iz65q90laa2wjrvxaqx13fnzp1abs-python3-3.12.10-env/lib/python3.12/site-packages/librelane/scripts/base.sdc'…
[INFO] Using clock clk…
[INFO] Setting output delay to: 2
[INFO] Setting input delay to: 2
[INFO] Setting load to: 0.006
[INFO] Setting clock uncertainty to: 0.25
[INFO] Setting clock transition to: 0.15
[INFO] Setting timing derate to: 5%
+ detailed_placement -max_displacement  500 100 
Placement Analysis
---------------------------------
total displacement          0.0 u
average displacement        0.0 u
max displacement            0.0 u
original HPWL             122.6 u
legalized HPWL            144.1 u
delta HPWL                   18 %

[INFO DPL-0020] Mirrored 24 instances
[INFO DPL-0021] HPWL before             144.1 u
[INFO DPL-0022] HPWL after              122.6 u
[INFO DPL-0023] HPWL delta              -14.9 %
Setting global connections for newly added cells…
[INFO] Setting global connections...
Updating metrics…
Cell type report:                       Count       Area
  Multi-Input combinational cell           24     174.18
  Total                                    24     174.18
Writing OpenROAD database to '/home/user/Documents/heiChips2025_project/sap_2_v2/heichips25-template/librelane/runs/RUN_2025-08-07_21-42-39/34-openroad-detailedplacement/heichips25_template.odb'…
Writing netlist to '/home/user/Documents/heiChips2025_project/sap_2_v2/heichips25-template/librelane/runs/RUN_2025-08-07_21-42-39/34-openroad-detailedplacement/heichips25_template.nl.v'…
Writing powered netlist to '/home/user/Documents/heiChips2025_project/sap_2_v2/heichips25-template/librelane/runs/RUN_2025-08-07_21-42-39/34-openroad-detailedplacement/heichips25_template.pnl.v'…
Writing layout to '/home/user/Documents/heiChips2025_project/sap_2_v2/heichips25-template/librelane/runs/RUN_2025-08-07_21-42-39/34-openroad-detailedplacement/heichips25_template.def'…
Writing timing constraints to '/home/user/Documents/heiChips2025_project/sap_2_v2/heichips25-template/librelane/runs/RUN_2025-08-07_21-42-39/34-openroad-detailedplacement/heichips25_template.sdc'…
