%Error-MODMISSING: /home/user/Documents/heiChips2025_project/sap_1/heichips25-template/src/top.v:47:1: Cannot find file containing module: 'clock'
   47 | clock clock(
      | ^~~~~
                   /home/user/Documents/heiChips2025_project/sap_1/heichips25-template/src/heichips25_template.sv:7:1: ... note: In file included from 'heichips25_template.sv'
                   ... For error description see https://verilator.org/warn/MODMISSING?v=5.038
                   ... This may be because there's no search path specified with -I<dir>.
                   ... Looked in:
                        clock
                        clock.v
                        clock.sv
                        obj_dir/clock
                        obj_dir/clock.v
                        obj_dir/clock.sv
%Error-MODMISSING: /home/user/Documents/heiChips2025_project/sap_1/heichips25-template/src/top.v:53:1: Cannot find file containing module: 'pc'
   53 | pc pc(
      | ^~
                   /home/user/Documents/heiChips2025_project/sap_1/heichips25-template/src/heichips25_template.sv:7:1: ... note: In file included from 'heichips25_template.sv'
%Error-MODMISSING: /home/user/Documents/heiChips2025_project/sap_1/heichips25-template/src/top.v:61:1: Cannot find file containing module: 'memory'
   61 | memory mem(
      | ^~~~~~
                   /home/user/Documents/heiChips2025_project/sap_1/heichips25-template/src/heichips25_template.sv:7:1: ... note: In file included from 'heichips25_template.sv'
%Error-MODMISSING: /home/user/Documents/heiChips2025_project/sap_1/heichips25-template/src/top.v:70:1: Cannot find file containing module: 'reg_a'
   70 | reg_a reg_a(
      | ^~~~~
                   /home/user/Documents/heiChips2025_project/sap_1/heichips25-template/src/heichips25_template.sv:7:1: ... note: In file included from 'heichips25_template.sv'
%Error-MODMISSING: /home/user/Documents/heiChips2025_project/sap_1/heichips25-template/src/top.v:80:1: Cannot find file containing module: 'reg_b'
   80 | reg_b reg_b(
      | ^~~~~
                   /home/user/Documents/heiChips2025_project/sap_1/heichips25-template/src/heichips25_template.sv:7:1: ... note: In file included from 'heichips25_template.sv'
%Error-MODMISSING: /home/user/Documents/heiChips2025_project/sap_1/heichips25-template/src/top.v:90:1: Cannot find file containing module: 'adder'
   90 | adder adder(
      | ^~~~~
                   /home/user/Documents/heiChips2025_project/sap_1/heichips25-template/src/heichips25_template.sv:7:1: ... note: In file included from 'heichips25_template.sv'
%Error-MODMISSING: /home/user/Documents/heiChips2025_project/sap_1/heichips25-template/src/top.v:99:1: Cannot find file containing module: 'ir'
   99 | ir ir(
      | ^~
                   /home/user/Documents/heiChips2025_project/sap_1/heichips25-template/src/heichips25_template.sv:7:1: ... note: In file included from 'heichips25_template.sv'
%Error-MODMISSING: /home/user/Documents/heiChips2025_project/sap_1/heichips25-template/src/top.v:107:1: Cannot find file containing module: 'controller'
  107 | controller controller(
      | ^~~~~~~~~~
                   /home/user/Documents/heiChips2025_project/sap_1/heichips25-template/src/heichips25_template.sv:7:1: ... note: In file included from 'heichips25_template.sv'
%Error: Exiting due to 8 error(s)
