%Error: /home/user/Documents/heiChips2025_project/sap_2_v2/heichips25-template/src/top.v:51:11: Duplicate declaration of signal: 'CTRL_MEMORY'
                                                                                              : ... note: ANSI ports must have type declared with the I/O (IEEE 1800-2023 23.2.2.2)
   51 | wire[7:0] CTRL_MEMORY;
      |           ^~~~~~~~~~~
        /home/user/Documents/heiChips2025_project/sap_2_v2/heichips25-template/src/heichips25_template.sv:15:1: ... note: In file included from 'heichips25_template.sv'
        /home/user/Documents/heiChips2025_project/sap_2_v2/heichips25-template/src/top.v:5:14: ... Location of original declaration
    5 |  output[7:0] CTRL_MEMORY,
      |              ^~~~~~~~~~~
        ... See the manual at https://verilator.org/verilator_doc.html?v=5.038 for more assistance.
%Warning-VARHIDDEN: /home/user/Documents/heiChips2025_project/sap_2_v2/heichips25-template/src/pc.v:10:11: Declaration of signal hides declaration in upper scope: 'pc'
   10 | reg[15:0] pc;
      |           ^~
                    /home/user/Documents/heiChips2025_project/sap_2_v2/heichips25-template/src/heichips25_template.sv:13:1: ... note: In file included from 'heichips25_template.sv'
                    /home/user/Documents/heiChips2025_project/sap_2_v2/heichips25-template/src/top.v:92:4: ... Location of original declaration
   92 | pc pc(
      |    ^~
                    ... For warning description see https://verilator.org/warn/VARHIDDEN?v=5.038
                    ... Use "/* verilator lint_off VARHIDDEN */" and lint_on around source to disable this message.
%Warning-VARHIDDEN: /home/user/Documents/heiChips2025_project/sap_2_v2/heichips25-template/src/ir.v:9:10: Declaration of signal hides declaration in upper scope: 'ir'
    9 | reg[7:0] ir;
      |          ^~
                    /home/user/Documents/heiChips2025_project/sap_2_v2/heichips25-template/src/heichips25_template.sv:11:1: ... note: In file included from 'heichips25_template.sv'
                    /home/user/Documents/heiChips2025_project/sap_2_v2/heichips25-template/src/top.v:103:4: ... Location of original declaration
  103 | ir ir(
      |    ^~
%Warning-VARHIDDEN: /home/user/Documents/heiChips2025_project/sap_2_v2/heichips25-template/src/alu.v:11:10: Declaration of signal hides declaration in upper scope: 'alu'
   11 | reg[7:0] alu;
      |          ^~~
                    /home/user/Documents/heiChips2025_project/sap_2_v2/heichips25-template/src/heichips25_template.sv:7:1: ... note: In file included from 'heichips25_template.sv'
                    /home/user/Documents/heiChips2025_project/sap_2_v2/heichips25-template/src/top.v:156:5: ... Location of original declaration
  156 | alu alu(
      |     ^~~
%Warning-VARHIDDEN: /home/user/Documents/heiChips2025_project/sap_2_v2/heichips25-template/src/flags.v:16:10: Declaration of signal hides declaration in upper scope: 'flags'
   16 | reg[1:0] flags;
      |          ^~~~~
                    /home/user/Documents/heiChips2025_project/sap_2_v2/heichips25-template/src/heichips25_template.sv:10:1: ... note: In file included from 'heichips25_template.sv'
                    /home/user/Documents/heiChips2025_project/sap_2_v2/heichips25-template/src/top.v:166:7: ... Location of original declaration
  166 | flags flags(
      |       ^~~~~
%Error: Exiting due to 1 error(s)
