Reading timing models for corner nom_typ_1p20V_25C…
Reading timing library for the 'nom_typ_1p20V_25C' corner at '/home/user/.ciel/ciel/ihp-sg13g2/versions/cb7daaa8901016cf7c5d272dfa322c41f024931f/ihp-sg13g2/libs.ref/sg13g2_stdcell/lib/sg13g2_stdcell_typ_1p20V_25C.lib'…
Reading OpenROAD database at '/home/user/Documents/heiChips2025_project/sap_1/heichips25-template/librelane/runs/RUN_2025-08-07_17-30-00/27-odb-applydeftemplate/heichips25_template.odb'…
Reading design constraints file at '/nix/store/3x0iz65q90laa2wjrvxaqx13fnzp1abs-python3-3.12.10-env/lib/python3.12/site-packages/librelane/scripts/base.sdc'…
[INFO] Using clock clk…
[INFO] Setting output delay to: 2
[INFO] Setting input delay to: 2
[INFO] Setting load to: 0.006
[INFO] Setting clock uncertainty to: 0.25
[INFO] Setting clock transition to: 0.15
[INFO] Setting timing derate to: 5%
[INFO] Setting signal min routing layer to: Metal2 and clock min routing layer to Metal2. 
[INFO] Setting signal max routing layer to: TopMetal1 and clock max routing layer to TopMetal1. 
+ global_placement -density 0.10186589 -timing_driven -routability_driven -pad_right 0 -pad_left 0 -init_wirelength_coef 0.25
[INFO GPL-0002] DBU: 1000
[INFO GPL-0003] SiteSize: (  0.480  3.780 ) um
[INFO GPL-0004] CoreBBox: (  2.880  3.780 ) ( 496.800 192.780 ) um
[INFO GPL-0006] Number of instances:                24
[INFO GPL-0007] Movable instances:                  24
[INFO GPL-0008] Fixed instances:                     0
[INFO GPL-0009] Dummy instances:                     0
[INFO GPL-0010] Number of nets:                     43
[INFO GPL-0011] Number of pins:                     67
[INFO GPL-0012] Die BBox:  (  0.000  0.000 ) ( 500.000 200.000 ) um
[INFO GPL-0013] Core BBox: (  2.880  3.780 ) ( 496.800 192.780 ) um
[INFO GPL-0016] Core area:                   93350.880 um^2
[INFO GPL-0017] Fixed instances area:            0.000 um^2
[INFO GPL-0018] Movable instances area:        174.182 um^2
[INFO GPL-0019] Utilization:                     0.187 %
[INFO GPL-0020] Standard cells area:           174.182 um^2
[INFO GPL-0021] Large instances area:            0.000 um^2
[InitialPlace]  Iter: 1 conjugate gradient residual: 0.00000004 HPWL: 1497440
[InitialPlace]  Iter: 2 conjugate gradient residual: 0.00000000 HPWL: 152000
[InitialPlace]  Iter: 3 conjugate gradient residual: 0.00000000 HPWL: 152000
[InitialPlace]  Iter: 4 conjugate gradient residual: 0.00000000 HPWL: 152000
[InitialPlace]  Iter: 5 conjugate gradient residual: 0.00000000 HPWL: 152000
[INFO GPL-0023] Placement target density:       0.1019
[INFO GPL-0024] Movable insts average area:      7.258 um^2
[INFO GPL-0025] Ideal bin area:                 71.247 um^2
[INFO GPL-0026] Ideal bin count:                  1310
[INFO GPL-0027] Total bin area:              93350.880 um^2
[INFO GPL-0028] Bin count (X, Y):          32 ,     16
[INFO GPL-0029] Bin size (W * H):      15.435 * 11.812 um
[INFO GPL-0030] Number of bins:                    512
[INFO GPL-0031] HPWL: Half-Perimeter Wirelength
Iteration | Overflow |     HPWL (um) |  HPWL(%) |   Penalty | Group
---------------------------------------------------------------
        1 |   0.0000 |  3.362080e+05 |   +0.00% |  4.46e-13 |      
[INFO GPL-0088] Routability snapshot saved at iter = 0
[INFO GPL-0040] Routability iteration: 1
[INFO GPL-0041] Total routing overflow: 0.0000
[INFO GPL-0042] Number of overflowed tiles: 0 (0.00%)
[INFO GPL-0043] Average top 0.5% routing congestion: 0.5055
[INFO GPL-0044] Average top 1.0% routing congestion: 0.5029
[INFO GPL-0045] Average top 2.0% routing congestion: 0.5015
[INFO GPL-0046] Average top 5.0% routing congestion: 0.5006
[INFO GPL-0047] Routability iteration weighted routing congestion: 0.5042
[INFO GPL-0050] Weighted routing congestion is lower than target routing congestion(1.0100), end routability optimization.
[INFO GPL-1001] Finished with Overflow: 0.000000
[INFO GPL-1002] Placed Cell Area              174.1824
[INFO GPL-1003] Available Free Area         93350.8800
[INFO GPL-1004] Minimum Feasible Density        0.0100 (cell_area / free_area)
[INFO GPL-1006]   Suggested Target Densities:
[INFO GPL-1007]     - For 90% usage of free space: 0.0021
[INFO GPL-1008]     - For 80% usage of free space: 0.0023
Setting global connections for newly added cells…
[INFO] Setting global connections...
Updating metrics…
Cell type report:                       Count       Area
  Multi-Input combinational cell           24     174.18
  Total                                    24     174.18
Writing OpenROAD database to '/home/user/Documents/heiChips2025_project/sap_1/heichips25-template/librelane/runs/RUN_2025-08-07_17-30-00/28-openroad-globalplacement/heichips25_template.odb'…
Writing netlist to '/home/user/Documents/heiChips2025_project/sap_1/heichips25-template/librelane/runs/RUN_2025-08-07_17-30-00/28-openroad-globalplacement/heichips25_template.nl.v'…
Writing powered netlist to '/home/user/Documents/heiChips2025_project/sap_1/heichips25-template/librelane/runs/RUN_2025-08-07_17-30-00/28-openroad-globalplacement/heichips25_template.pnl.v'…
Writing layout to '/home/user/Documents/heiChips2025_project/sap_1/heichips25-template/librelane/runs/RUN_2025-08-07_17-30-00/28-openroad-globalplacement/heichips25_template.def'…
Writing timing constraints to '/home/user/Documents/heiChips2025_project/sap_1/heichips25-template/librelane/runs/RUN_2025-08-07_17-30-00/28-openroad-globalplacement/heichips25_template.sdc'…
