[WARNING ORD-0039] .openroad ignored with -python
[WARNING] Bterm VPWR is declared as a 'POWER' pin. It will be ignored.
[WARNING] Bterm VGND is declared as a 'GROUND' pin. It will be ignored.
[INFO ODB-0227] LEF file: /home/philippos/.ciel/ciel/ihp-sg13g2/versions/cb7daaa8901016cf7c5d272dfa322c41f024931f/ihp-sg13g2/libs.ref/sg13g2_stdcell/lef/sg13g2_tech.lef, created 19 layers, 70 vias
[INFO ODB-0227] LEF file: /home/philippos/.ciel/ciel/ihp-sg13g2/versions/cb7daaa8901016cf7c5d272dfa322c41f024931f/ihp-sg13g2/libs.ref/sg13g2_stdcell/lef/sg13g2_stdcell.lef, created 84 library cells
[INFO ODB-0127] Reading DEF file: /home/philippos/Documents/Git/heiChips2025_project/sap_2_v2/heichips25-template/librelane/def/heichips25_template_small.def
[INFO ODB-0128] Design: heichips25_template
[INFO ODB-0130]     Created 43 pins.
[INFO ODB-0132]     Created 2 special nets and 0 connections.
[INFO ODB-0133]     Created 43 nets and 0 connections.
[INFO ODB-0134] Finished DEF file: /home/philippos/Documents/Git/heiChips2025_project/sap_2_v2/heichips25-template/librelane/def/heichips25_template_small.def
[INFO ODB-0227] LEF file: /home/philippos/.ciel/ciel/ihp-sg13g2/versions/cb7daaa8901016cf7c5d272dfa322c41f024931f/ihp-sg13g2/libs.ref/sg13g2_stdcell/lef/sg13g2_tech.lef, created 19 layers, 70 vias
[INFO ODB-0227] LEF file: /home/philippos/.ciel/ciel/ihp-sg13g2/versions/cb7daaa8901016cf7c5d272dfa322c41f024931f/ihp-sg13g2/libs.ref/sg13g2_stdcell/lef/sg13g2_stdcell.lef, created 84 library cells
[INFO ODB-0127] Reading DEF file: /home/philippos/Documents/Git/heiChips2025_project/sap_2_v2/heichips25-template/librelane/def/heichips25_template_small.def
[INFO ODB-0128] Design: heichips25_template
[INFO ODB-0130]     Created 43 pins.
[INFO ODB-0132]     Created 2 special nets and 0 connections.
[INFO ODB-0133]     Created 43 nets and 0 connections.
[INFO ODB-0134] Finished DEF file: /home/philippos/Documents/Git/heiChips2025_project/sap_2_v2/heichips25-template/librelane/def/heichips25_template_small.def
Using manufacturing grid: 5 Using dbu per mircons: 1000
Found 43 block terminals in existing database...
Found 43 template_bterms…
Wrote pin clk at layer Metal3 at (0, 183340, 400, 183740, 'PLACED')...
Wrote pin ena at layer Metal3 at (0, 179140, 400, 179540, 'PLACED')...
Wrote pin rst_n at layer Metal3 at (0, 187540, 400, 187940, 'PLACED')...
Wrote pin ui_in[0] at layer Metal3 at (0, 111940, 400, 112340, 'PLACED')...
Wrote pin ui_in[1] at layer Metal3 at (0, 116140, 400, 116540, 'PLACED')...
Wrote pin ui_in[2] at layer Metal3 at (0, 120340, 400, 120740, 'PLACED')...
Wrote pin ui_in[3] at layer Metal3 at (0, 124540, 400, 124940, 'PLACED')...
Wrote pin ui_in[4] at layer Metal3 at (0, 128740, 400, 129140, 'PLACED')...
Wrote pin ui_in[5] at layer Metal3 at (0, 132940, 400, 133340, 'PLACED')...
Wrote pin ui_in[6] at layer Metal3 at (0, 137140, 400, 137540, 'PLACED')...
Wrote pin ui_in[7] at layer Metal3 at (0, 141340, 400, 141740, 'PLACED')...
Wrote pin uio_in[0] at layer Metal3 at (0, 145540, 400, 145940, 'PLACED')...
Wrote pin uio_in[1] at layer Metal3 at (0, 149740, 400, 150140, 'PLACED')...
Wrote pin uio_in[2] at layer Metal3 at (0, 153940, 400, 154340, 'PLACED')...
Wrote pin uio_in[3] at layer Metal3 at (0, 158140, 400, 158540, 'PLACED')...
Wrote pin uio_in[4] at layer Metal3 at (0, 162340, 400, 162740, 'PLACED')...
Wrote pin uio_in[5] at layer Metal3 at (0, 166540, 400, 166940, 'PLACED')...
Wrote pin uio_in[6] at layer Metal3 at (0, 170740, 400, 171140, 'PLACED')...
Wrote pin uio_in[7] at layer Metal3 at (0, 174940, 400, 175340, 'PLACED')...
Wrote pin uio_oe[0] at layer Metal3 at (0, 78340, 400, 78740, 'PLACED')...
Wrote pin uio_oe[1] at layer Metal3 at (0, 82540, 400, 82940, 'PLACED')...
Wrote pin uio_oe[2] at layer Metal3 at (0, 86740, 400, 87140, 'PLACED')...
Wrote pin uio_oe[3] at layer Metal3 at (0, 90940, 400, 91340, 'PLACED')...
Wrote pin uio_oe[4] at layer Metal3 at (0, 95140, 400, 95540, 'PLACED')...
Wrote pin uio_oe[5] at layer Metal3 at (0, 99340, 400, 99740, 'PLACED')...
Wrote pin uio_oe[6] at layer Metal3 at (0, 103540, 400, 103940, 'PLACED')...
Wrote pin uio_oe[7] at layer Metal3 at (0, 107740, 400, 108140, 'PLACED')...
Wrote pin uio_out[0] at layer Metal3 at (0, 44740, 400, 45140, 'PLACED')...
Wrote pin uio_out[1] at layer Metal3 at (0, 48940, 400, 49340, 'PLACED')...
Wrote pin uio_out[2] at layer Metal3 at (0, 53140, 400, 53540, 'PLACED')...
Wrote pin uio_out[3] at layer Metal3 at (0, 57340, 400, 57740, 'PLACED')...
Wrote pin uio_out[4] at layer Metal3 at (0, 61540, 400, 61940, 'PLACED')...
Wrote pin uio_out[5] at layer Metal3 at (0, 65740, 400, 66140, 'PLACED')...
Wrote pin uio_out[6] at layer Metal3 at (0, 69940, 400, 70340, 'PLACED')...
Wrote pin uio_out[7] at layer Metal3 at (0, 74140, 400, 74540, 'PLACED')...
Wrote pin uo_out[0] at layer Metal3 at (0, 11140, 400, 11540, 'PLACED')...
Wrote pin uo_out[1] at layer Metal3 at (0, 15340, 400, 15740, 'PLACED')...
Wrote pin uo_out[2] at layer Metal3 at (0, 19540, 400, 19940, 'PLACED')...
Wrote pin uo_out[3] at layer Metal3 at (0, 23740, 400, 24140, 'PLACED')...
Wrote pin uo_out[4] at layer Metal3 at (0, 27940, 400, 28340, 'PLACED')...
Wrote pin uo_out[5] at layer Metal3 at (0, 32140, 400, 32540, 'PLACED')...
Wrote pin uo_out[6] at layer Metal3 at (0, 36340, 400, 36740, 'PLACED')...
Wrote pin uo_out[7] at layer Metal3 at (0, 40540, 400, 40940, 'PLACED')...
