Starting…
Running 'Verilator.Lint' at 'runs/RUN_2025-08-07_21-19-28/01-verilator-lint'…
Logging subprocess to [repr.filename]'runs/RUN_2025-08-07_21-19-28/01-verilator-lint/verilator-lint.log'[/repr.filename]…
Running 'Checker.LintTimingConstructs' at 'runs/RUN_2025-08-07_21-19-28/02-checker-linttimingconstructs'…
Check for Lint Timing Errors clear.
Running 'Checker.LintErrors' at 'runs/RUN_2025-08-07_21-19-28/03-checker-linterrors'…
Check for Lint errors clear.
Running 'Checker.LintWarnings' at 'runs/RUN_2025-08-07_21-19-28/04-checker-lintwarnings'…
63 Lint warnings found.
Running 'Yosys.JsonHeader' at 'runs/RUN_2025-08-07_21-19-28/05-yosys-jsonheader'…
Logging subprocess to [repr.filename]'runs/RUN_2025-08-07_21-19-28/05-yosys-jsonheader/yosys-jsonheader.log'[/repr.filename]…
Running 'Yosys.Synthesis' at 'runs/RUN_2025-08-07_21-19-28/06-yosys-synthesis'…
Logging subprocess to [repr.filename]'runs/RUN_2025-08-07_21-19-28/06-yosys-synthesis/yosys-synthesis.log'[/repr.filename]…
Parsing synthesis checks…
Running 'Checker.YosysUnmappedCells' at 'runs/RUN_2025-08-07_21-19-28/07-checker-yosysunmappedcells'…
Check for Unmapped Yosys instances clear.
Running 'Checker.YosysSynthChecks' at 'runs/RUN_2025-08-07_21-19-28/08-checker-yosyssynthchecks'…
Check for Yosys check errors clear.
Running 'Checker.NetlistAssignStatements' at 'runs/RUN_2025-08-07_21-19-28/09-checker-netlistassignstatements'…
Running 'OpenROAD.CheckSDCFiles' at 'runs/RUN_2025-08-07_21-19-28/10-openroad-checksdcfiles'…
'PNR_SDC_FILE' is not defined. Using generic fallback SDC for OpenROAD PnR steps.
'SIGNOFF_SDC_FILE' is not defined. Using generic fallback SDC for OpenROAD PnR steps.
Running 'OpenROAD.CheckMacroInstances' at 'runs/RUN_2025-08-07_21-19-28/11-openroad-checkmacroinstances'…
No macros found, skipping instance check…
Running 'OpenROAD.STAPrePNR' at 'runs/RUN_2025-08-07_21-19-28/12-openroad-staprepnr'…
Starting STA for the nom_fast_1p32V_m40C timing corner…
Starting STA for the nom_slow_1p08V_125C timing corner…
Logging subprocess to [repr.filename]'runs/RUN_2025-08-07_21-19-28/12-openroad-staprepnr/nom_fast_1p32V_m40C/sta.log'[/repr.filename]…
Logging subprocess to [repr.filename]'runs/RUN_2025-08-07_21-19-28/12-openroad-staprepnr/nom_slow_1p08V_125C/sta.log'[/repr.filename]…
Finished STA for the nom_fast_1p32V_m40C timing corner.
Starting STA for the nom_typ_1p20V_25C timing corner…
Logging subprocess to [repr.filename]'runs/RUN_2025-08-07_21-19-28/12-openroad-staprepnr/nom_typ_1p20V_25C/sta.log'[/repr.filename]…
Finished STA for the nom_slow_1p08V_125C timing corner.
Finished STA for the nom_typ_1p20V_25C timing corner.
Running 'OpenROAD.Floorplan' at 'runs/RUN_2025-08-07_21-19-28/13-openroad-floorplan'…
Logging subprocess to [repr.filename]'runs/RUN_2025-08-07_21-19-28/13-openroad-floorplan/openroad-floorplan.log'[/repr.filename]…
Running 'OpenROAD.DumpRCValues' at 'runs/RUN_2025-08-07_21-19-28/14-openroad-dumprcvalues'…
Logging subprocess to [repr.filename]'runs/RUN_2025-08-07_21-19-28/14-openroad-dumprcvalues/openroad-dumprcvalues.log'[/repr.filename]…
Running 'Odb.CheckMacroAntennaProperties' at 'runs/RUN_2025-08-07_21-19-28/15-odb-checkmacroantennaproperties'…
No cells provided, skipping 'Odb.CheckMacroAntennaProperties'…
Running 'Odb.SetPowerConnections' at 'runs/RUN_2025-08-07_21-19-28/16-odb-setpowerconnections'…
Logging subprocess to [repr.filename]'runs/RUN_2025-08-07_21-19-28/16-odb-setpowerconnections/odb-setpowerconnections.log'[/repr.filename]…
Running 'Odb.ManualMacroPlacement' at 'runs/RUN_2025-08-07_21-19-28/17-odb-manualmacroplacement'…
No instances found, skipping 'Odb.ManualMacroPlacement'…
Running 'OpenROAD.CutRows' at 'runs/RUN_2025-08-07_21-19-28/18-openroad-cutrows'…
Logging subprocess to [repr.filename]'runs/RUN_2025-08-07_21-19-28/18-openroad-cutrows/openroad-cutrows.log'[/repr.filename]…
Running 'OpenROAD.TapEndcapInsertion' at 'runs/RUN_2025-08-07_21-19-28/19-openroad-tapendcapinsertion'…
Logging subprocess to [repr.filename]'runs/RUN_2025-08-07_21-19-28/19-openroad-tapendcapinsertion/openroad-tapendcapinsertion.log'[/repr.filename]…
Running 'Odb.AddPDNObstructions' at 'runs/RUN_2025-08-07_21-19-28/20-odb-addpdnobstructions'…
'PDN_OBSTRUCTIONS' is not defined. Skipping 'Odb.AddPDNObstructions'…
Running 'OpenROAD.GeneratePDN' at 'runs/RUN_2025-08-07_21-19-28/21-openroad-generatepdn'…
'PDN_CFG' not explicitly set, setting it to /nix/store/3x0iz65q90laa2wjrvxaqx13fnzp1abs-python3-3.12.10-env/lib/python3.12/site-packages/librelane/scripts/openroad/common/pdn_cfg.tcl…
Logging subprocess to [repr.filename]'runs/RUN_2025-08-07_21-19-28/21-openroad-generatepdn/openroad-generatepdn.log'[/repr.filename]…
Running 'Odb.RemovePDNObstructions' at 'runs/RUN_2025-08-07_21-19-28/22-odb-removepdnobstructions'…
'PDN_OBSTRUCTIONS' is not defined. Skipping 'Odb.RemovePDNObstructions'…
Running 'Odb.AddRoutingObstructions' at 'runs/RUN_2025-08-07_21-19-28/23-odb-addroutingobstructions'…
'ROUTING_OBSTRUCTIONS' is not defined. Skipping 'Odb.AddRoutingObstructions'…
Running 'OpenROAD.GlobalPlacementSkipIO' at 'runs/RUN_2025-08-07_21-19-28/24-openroad-globalplacementskipio'…
I/O pins were loaded from /home/user/Documents/heiChips2025_project/sap_2_v2/heichips25-template/librelane/def/heichips25_template_small.def. Returning state unaltered…
Running 'OpenROAD.IOPlacement' at 'runs/RUN_2025-08-07_21-19-28/25-openroad-ioplacement'…
I/O pins were loaded from /home/user/Documents/heiChips2025_project/sap_2_v2/heichips25-template/librelane/def/heichips25_template_small.def. Skipping OpenROAD.IOPlacement…
Running 'Odb.CustomIOPlacement' at 'runs/RUN_2025-08-07_21-19-28/26-odb-customioplacement'…
No custom I/O placement file configured, skipping 'Odb.CustomIOPlacement'…
Running 'Odb.ApplyDEFTemplate' at 'runs/RUN_2025-08-07_21-19-28/27-odb-applydeftemplate'…
Logging subprocess to [repr.filename]'runs/RUN_2025-08-07_21-19-28/27-odb-applydeftemplate/odb-applydeftemplate.log'[/repr.filename]…
Bterm VPWR is declared as a 'POWER' pin. It will be ignored.
Bterm VGND is declared as a 'GROUND' pin. It will be ignored.
Running 'OpenROAD.GlobalPlacement' at 'runs/RUN_2025-08-07_21-19-28/28-openroad-globalplacement'…
'PL_TARGET_DENSITY_PCT' not explicitly set, using dynamically calculated target density: 10.18658900…
Logging subprocess to [repr.filename]'runs/RUN_2025-08-07_21-19-28/28-openroad-globalplacement/openroad-globalplacement.log'[/repr.filename]…
Running 'Odb.WriteVerilogHeader' at 'runs/RUN_2025-08-07_21-19-28/29-odb-writeverilogheader'…
Logging subprocess to [repr.filename]'runs/RUN_2025-08-07_21-19-28/29-odb-writeverilogheader/odb-writeverilogheader.log'[/repr.filename]…
Running 'Checker.PowerGridViolations' at 'runs/RUN_2025-08-07_21-19-28/30-checker-powergridviolations'…
Check for power grid violations (as reported by OpenROAD PSM- you may ignore these if LVS passes) clear.
Running 'OpenROAD.STAMidPNR' at 'runs/RUN_2025-08-07_21-19-28/31-openroad-stamidpnr'…
Logging subprocess to [repr.filename]'runs/RUN_2025-08-07_21-19-28/31-openroad-stamidpnr/openroad-stamidpnr.log'[/repr.filename]…
Running 'OpenROAD.RepairDesignPostGPL' at 'runs/RUN_2025-08-07_21-19-28/32-openroad-repairdesignpostgpl'…
Logging subprocess to [repr.filename]'runs/RUN_2025-08-07_21-19-28/32-openroad-repairdesignpostgpl/openroad-repairdesignpostgpl.log'[/repr.filename]…
Running 'Odb.ManualGlobalPlacement' at 'runs/RUN_2025-08-07_21-19-28/33-odb-manualglobalplacement'…
'MANUAL_GLOBAL_PLACEMENTS' not set, skipping 'Odb.ManualGlobalPlacement'…
Running 'OpenROAD.DetailedPlacement' at 'runs/RUN_2025-08-07_21-19-28/34-openroad-detailedplacement'…
Logging subprocess to [repr.filename]'runs/RUN_2025-08-07_21-19-28/34-openroad-detailedplacement/openroad-detailedplacement.log'[/repr.filename]…
Running 'OpenROAD.CTS' at 'runs/RUN_2025-08-07_21-19-28/35-openroad-cts'…
Logging subprocess to [repr.filename]'runs/RUN_2025-08-07_21-19-28/35-openroad-cts/openroad-cts.log'[/repr.filename]…
