Starting…
Running 'Verilator.Lint' at 'runs/RUN_2025-08-07_18-05-04/01-verilator-lint'…
Logging subprocess to [repr.filename]'runs/RUN_2025-08-07_18-05-04/01-verilator-lint/verilator-lint.log'[/repr.filename]…
Running 'Checker.LintTimingConstructs' at 'runs/RUN_2025-08-07_18-05-04/02-checker-linttimingconstructs'…
Check for Lint Timing Errors clear.
Running 'Checker.LintErrors' at 'runs/RUN_2025-08-07_18-05-04/03-checker-linterrors'…
Check for Lint errors clear.
Running 'Checker.LintWarnings' at 'runs/RUN_2025-08-07_18-05-04/04-checker-lintwarnings'…
63 Lint warnings found.
Running 'Yosys.JsonHeader' at 'runs/RUN_2025-08-07_18-05-04/05-yosys-jsonheader'…
Logging subprocess to [repr.filename]'runs/RUN_2025-08-07_18-05-04/05-yosys-jsonheader/yosys-jsonheader.log'[/repr.filename]…
Running 'Yosys.Synthesis' at 'runs/RUN_2025-08-07_18-05-04/06-yosys-synthesis'…
Logging subprocess to [repr.filename]'runs/RUN_2025-08-07_18-05-04/06-yosys-synthesis/yosys-synthesis.log'[/repr.filename]…
Parsing synthesis checks…
Running 'Checker.YosysUnmappedCells' at 'runs/RUN_2025-08-07_18-05-04/07-checker-yosysunmappedcells'…
Check for Unmapped Yosys instances clear.
Running 'Checker.YosysSynthChecks' at 'runs/RUN_2025-08-07_18-05-04/08-checker-yosyssynthchecks'…
Check for Yosys check errors clear.
Running 'Checker.NetlistAssignStatements' at 'runs/RUN_2025-08-07_18-05-04/09-checker-netlistassignstatements'…
Running 'OpenROAD.CheckSDCFiles' at 'runs/RUN_2025-08-07_18-05-04/10-openroad-checksdcfiles'…
'PNR_SDC_FILE' is not defined. Using generic fallback SDC for OpenROAD PnR steps.
'SIGNOFF_SDC_FILE' is not defined. Using generic fallback SDC for OpenROAD PnR steps.
Running 'OpenROAD.CheckMacroInstances' at 'runs/RUN_2025-08-07_18-05-04/11-openroad-checkmacroinstances'…
No macros found, skipping instance check…
Running 'OpenROAD.STAPrePNR' at 'runs/RUN_2025-08-07_18-05-04/12-openroad-staprepnr'…
Starting STA for the nom_fast_1p32V_m40C timing corner…
Starting STA for the nom_slow_1p08V_125C timing corner…
Starting STA for the nom_typ_1p20V_25C timing corner…
Logging subprocess to [repr.filename]'runs/RUN_2025-08-07_18-05-04/12-openroad-staprepnr/nom_slow_1p08V_125C/sta.log'[/repr.filename]…
Logging subprocess to [repr.filename]'runs/RUN_2025-08-07_18-05-04/12-openroad-staprepnr/nom_typ_1p20V_25C/sta.log'[/repr.filename]…
Logging subprocess to [repr.filename]'runs/RUN_2025-08-07_18-05-04/12-openroad-staprepnr/nom_fast_1p32V_m40C/sta.log'[/repr.filename]…
Finished STA for the nom_typ_1p20V_25C timing corner.
Finished STA for the nom_fast_1p32V_m40C timing corner.
Finished STA for the nom_slow_1p08V_125C timing corner.
Running 'OpenROAD.Floorplan' at 'runs/RUN_2025-08-07_18-05-04/13-openroad-floorplan'…
Logging subprocess to [repr.filename]'runs/RUN_2025-08-07_18-05-04/13-openroad-floorplan/openroad-floorplan.log'[/repr.filename]…
Running 'OpenROAD.DumpRCValues' at 'runs/RUN_2025-08-07_18-05-04/14-openroad-dumprcvalues'…
Logging subprocess to [repr.filename]'runs/RUN_2025-08-07_18-05-04/14-openroad-dumprcvalues/openroad-dumprcvalues.log'[/repr.filename]…
Running 'Odb.CheckMacroAntennaProperties' at 'runs/RUN_2025-08-07_18-05-04/15-odb-checkmacroantennaproperties'…
No cells provided, skipping 'Odb.CheckMacroAntennaProperties'…
Running 'Odb.SetPowerConnections' at 'runs/RUN_2025-08-07_18-05-04/16-odb-setpowerconnections'…
Logging subprocess to [repr.filename]'runs/RUN_2025-08-07_18-05-04/16-odb-setpowerconnections/odb-setpowerconnections.log'[/repr.filename]…
Running 'Odb.ManualMacroPlacement' at 'runs/RUN_2025-08-07_18-05-04/17-odb-manualmacroplacement'…
No instances found, skipping 'Odb.ManualMacroPlacement'…
Running 'OpenROAD.CutRows' at 'runs/RUN_2025-08-07_18-05-04/18-openroad-cutrows'…
Logging subprocess to [repr.filename]'runs/RUN_2025-08-07_18-05-04/18-openroad-cutrows/openroad-cutrows.log'[/repr.filename]…
Running 'OpenROAD.TapEndcapInsertion' at 'runs/RUN_2025-08-07_18-05-04/19-openroad-tapendcapinsertion'…
Logging subprocess to [repr.filename]'runs/RUN_2025-08-07_18-05-04/19-openroad-tapendcapinsertion/openroad-tapendcapinsertion.log'[/repr.filename]…
Running 'Odb.AddPDNObstructions' at 'runs/RUN_2025-08-07_18-05-04/20-odb-addpdnobstructions'…
'PDN_OBSTRUCTIONS' is not defined. Skipping 'Odb.AddPDNObstructions'…
Running 'OpenROAD.GeneratePDN' at 'runs/RUN_2025-08-07_18-05-04/21-openroad-generatepdn'…
'PDN_CFG' not explicitly set, setting it to /nix/store/3x0iz65q90laa2wjrvxaqx13fnzp1abs-python3-3.12.10-env/lib/python3.12/site-packages/librelane/scripts/openroad/common/pdn_cfg.tcl…
Logging subprocess to [repr.filename]'runs/RUN_2025-08-07_18-05-04/21-openroad-generatepdn/openroad-generatepdn.log'[/repr.filename]…
Running 'Odb.RemovePDNObstructions' at 'runs/RUN_2025-08-07_18-05-04/22-odb-removepdnobstructions'…
'PDN_OBSTRUCTIONS' is not defined. Skipping 'Odb.RemovePDNObstructions'…
Running 'Odb.AddRoutingObstructions' at 'runs/RUN_2025-08-07_18-05-04/23-odb-addroutingobstructions'…
'ROUTING_OBSTRUCTIONS' is not defined. Skipping 'Odb.AddRoutingObstructions'…
Running 'OpenROAD.GlobalPlacementSkipIO' at 'runs/RUN_2025-08-07_18-05-04/24-openroad-globalplacementskipio'…
I/O pins were loaded from /home/philippos/Documents/Git/heiChips2025_project/sap_2_v2/heichips25-template/librelane/def/heichips25_template_small.def. Returning state unaltered…
Running 'OpenROAD.IOPlacement' at 'runs/RUN_2025-08-07_18-05-04/25-openroad-ioplacement'…
I/O pins were loaded from /home/philippos/Documents/Git/heiChips2025_project/sap_2_v2/heichips25-template/librelane/def/heichips25_template_small.def. Skipping OpenROAD.IOPlacement…
Running 'Odb.CustomIOPlacement' at 'runs/RUN_2025-08-07_18-05-04/26-odb-customioplacement'…
No custom I/O placement file configured, skipping 'Odb.CustomIOPlacement'…
Running 'Odb.ApplyDEFTemplate' at 'runs/RUN_2025-08-07_18-05-04/27-odb-applydeftemplate'…
Logging subprocess to [repr.filename]'runs/RUN_2025-08-07_18-05-04/27-odb-applydeftemplate/odb-applydeftemplate.log'[/repr.filename]…
Bterm VPWR is declared as a 'POWER' pin. It will be ignored.
Bterm VGND is declared as a 'GROUND' pin. It will be ignored.
Running 'OpenROAD.GlobalPlacement' at 'runs/RUN_2025-08-07_18-05-04/28-openroad-globalplacement'…
'PL_TARGET_DENSITY_PCT' not explicitly set, using dynamically calculated target density: 10.18658900…
Logging subprocess to [repr.filename]'runs/RUN_2025-08-07_18-05-04/28-openroad-globalplacement/openroad-globalplacement.log'[/repr.filename]…
Running 'Odb.WriteVerilogHeader' at 'runs/RUN_2025-08-07_18-05-04/29-odb-writeverilogheader'…
Logging subprocess to [repr.filename]'runs/RUN_2025-08-07_18-05-04/29-odb-writeverilogheader/odb-writeverilogheader.log'[/repr.filename]…
Running 'Checker.PowerGridViolations' at 'runs/RUN_2025-08-07_18-05-04/30-checker-powergridviolations'…
Check for power grid violations (as reported by OpenROAD PSM- you may ignore these if LVS passes) clear.
Running 'OpenROAD.STAMidPNR' at 'runs/RUN_2025-08-07_18-05-04/31-openroad-stamidpnr'…
Logging subprocess to [repr.filename]'runs/RUN_2025-08-07_18-05-04/31-openroad-stamidpnr/openroad-stamidpnr.log'[/repr.filename]…
Running 'OpenROAD.RepairDesignPostGPL' at 'runs/RUN_2025-08-07_18-05-04/32-openroad-repairdesignpostgpl'…
Logging subprocess to [repr.filename]'runs/RUN_2025-08-07_18-05-04/32-openroad-repairdesignpostgpl/openroad-repairdesignpostgpl.log'[/repr.filename]…
Running 'Odb.ManualGlobalPlacement' at 'runs/RUN_2025-08-07_18-05-04/33-odb-manualglobalplacement'…
'MANUAL_GLOBAL_PLACEMENTS' not set, skipping 'Odb.ManualGlobalPlacement'…
Running 'OpenROAD.DetailedPlacement' at 'runs/RUN_2025-08-07_18-05-04/34-openroad-detailedplacement'…
Logging subprocess to [repr.filename]'runs/RUN_2025-08-07_18-05-04/34-openroad-detailedplacement/openroad-detailedplacement.log'[/repr.filename]…
Running 'OpenROAD.CTS' at 'runs/RUN_2025-08-07_18-05-04/35-openroad-cts'…
Logging subprocess to [repr.filename]'runs/RUN_2025-08-07_18-05-04/35-openroad-cts/openroad-cts.log'[/repr.filename]…
[CTS-0041] Net "clk" has 0 sinks. Skipping...
[CTS-0083] No clock nets have been found.
[CTS-0082] No valid clock nets in the design.
Running 'OpenROAD.STAMidPNR-1' at 'runs/RUN_2025-08-07_18-05-04/36-openroad-stamidpnr-1'…
Logging subprocess to [repr.filename]'runs/RUN_2025-08-07_18-05-04/36-openroad-stamidpnr-1/openroad-stamidpnr-1.log'[/repr.filename]…
Running 'OpenROAD.ResizerTimingPostCTS' at 'runs/RUN_2025-08-07_18-05-04/37-openroad-resizertimingpostcts'…
Logging subprocess to [repr.filename]'runs/RUN_2025-08-07_18-05-04/37-openroad-resizertimingpostcts/openroad-resizertimingpostcts.log'[/repr.filename]…
Running 'OpenROAD.STAMidPNR-2' at 'runs/RUN_2025-08-07_18-05-04/38-openroad-stamidpnr-2'…
Logging subprocess to [repr.filename]'runs/RUN_2025-08-07_18-05-04/38-openroad-stamidpnr-2/openroad-stamidpnr-2.log'[/repr.filename]…
Running 'OpenROAD.GlobalRouting' at 'runs/RUN_2025-08-07_18-05-04/39-openroad-globalrouting'…
Logging subprocess to [repr.filename]'runs/RUN_2025-08-07_18-05-04/39-openroad-globalrouting/openroad-globalrouting.log'[/repr.filename]…
Running 'OpenROAD.CheckAntennas' at 'runs/RUN_2025-08-07_18-05-04/40-openroad-checkantennas'…
Logging subprocess to [repr.filename]'runs/RUN_2025-08-07_18-05-04/40-openroad-checkantennas/openroad-checkantennas.log'[/repr.filename]…
Gating variable for step 'OpenROAD.RepairDesignPostGRT' set to 'False'- the step will be skipped.
Skipping step 'Repair Design (Post-Global Routing)'…
Running 'Odb.DiodesOnPorts' at 'runs/RUN_2025-08-07_18-05-04/41-odb-diodesonports'…
'DIODE_ON_PORTS' is set to 'none': skipping 'Odb.DiodesOnPorts'…
Gating variable for step 'Odb.HeuristicDiodeInsertion' set to 'False'- the step will be skipped.
Skipping step 'Heuristic Diode Insertion'…
Running 'OpenROAD.RepairAntennas' at 'runs/RUN_2025-08-07_18-05-04/42-openroad-repairantennas'…
Running 'DiodeInsertion' at 'runs/RUN_2025-08-07_18-05-04/42-openroad-repairantennas/1-diodeinsertion'…
Logging subprocess to [repr.filename]'runs/RUN_2025-08-07_18-05-04/42-openroad-repairantennas/1-diodeinsertion/diodeinsertion.log'[/repr.filename]…
Running 'OpenROAD.CheckAntennas' at 'runs/RUN_2025-08-07_18-05-04/42-openroad-repairantennas/2-openroad-checkantennas'…
Logging subprocess to [repr.filename]'runs/RUN_2025-08-07_18-05-04/42-openroad-repairantennas/2-openroad-checkantennas/openroad-checkantennas.log'[/repr.filename]…
Gating variable for step 'OpenROAD.ResizerTimingPostGRT' set to 'False'- the step will be skipped.
Skipping step 'Resizer Timing Optimizations (Post-Global Routing)'…
Running 'OpenROAD.STAMidPNR-3' at 'runs/RUN_2025-08-07_18-05-04/43-openroad-stamidpnr-3'…
Logging subprocess to [repr.filename]'runs/RUN_2025-08-07_18-05-04/43-openroad-stamidpnr-3/openroad-stamidpnr-3.log'[/repr.filename]…
Running 'OpenROAD.DetailedRouting' at 'runs/RUN_2025-08-07_18-05-04/44-openroad-detailedrouting'…
Running TritonRoute with 32 threads…
Logging subprocess to [repr.filename]'runs/RUN_2025-08-07_18-05-04/44-openroad-detailedrouting/openroad-detailedrouting.log'[/repr.filename]…
[DRT-0349] LEF58_ENCLOSURE with no CUTCLASS is not supported. Skipping for layer Cont
[DRT-0349] LEF58_ENCLOSURE with no CUTCLASS is not supported. Skipping for layer Via1
[DRT-0349] LEF58_ENCLOSURE with no CUTCLASS is not supported. Skipping for layer Via1
[DRT-0349] LEF58_ENCLOSURE with no CUTCLASS is not supported. Skipping for layer Via2
[DRT-0349] LEF58_ENCLOSURE with no CUTCLASS is not supported. Skipping for layer Via3
[DRT-0349] LEF58_ENCLOSURE with no CUTCLASS is not supported. Skipping for layer Via4
[DRT-0349] LEF58_ENCLOSURE with no CUTCLASS is not supported. Skipping for layer TopVia1
[DRT-0349] LEF58_ENCLOSURE with no CUTCLASS is not supported. Skipping for layer TopVia1
[DRT-0349] LEF58_ENCLOSURE with no CUTCLASS is not supported. Skipping for layer TopVia2
[DRT-0349] LEF58_ENCLOSURE with no CUTCLASS is not supported. Skipping for layer TopVia2
Running 'Odb.RemoveRoutingObstructions' at 'runs/RUN_2025-08-07_18-05-04/45-odb-removeroutingobstructions'…
'ROUTING_OBSTRUCTIONS' is not defined. Skipping 'Odb.RemoveRoutingObstructions'…
Running 'OpenROAD.CheckAntennas-1' at 'runs/RUN_2025-08-07_18-05-04/46-openroad-checkantennas-1'…
Logging subprocess to [repr.filename]'runs/RUN_2025-08-07_18-05-04/46-openroad-checkantennas-1/openroad-checkantennas-1.log'[/repr.filename]…
Running 'Checker.TrDRC' at 'runs/RUN_2025-08-07_18-05-04/47-checker-trdrc'…
Check for Routing DRC errors clear.
Running 'Odb.ReportDisconnectedPins' at 'runs/RUN_2025-08-07_18-05-04/48-odb-reportdisconnectedpins'…
Logging subprocess to [repr.filename]'runs/RUN_2025-08-07_18-05-04/48-odb-reportdisconnectedpins/odb-reportdisconnectedpins.log'[/repr.filename]…
Running 'Checker.DisconnectedPins' at 'runs/RUN_2025-08-07_18-05-04/49-checker-disconnectedpins'…
19 critical disconnected pins found.
